2021-10-14T13:15:31: TypeError: Cannot set property 'discoverQueue' of undefined
2021-10-14T13:15:31:     at /home/spinalcom/Desktop/apps/organs/spinal-organ-bacnet/src/modules/SpinalDiscover.ts:13:22
2021-10-14T13:15:31:     at Object.<anonymous> (/home/spinalcom/Desktop/apps/organs/spinal-organ-bacnet/src/modules/SpinalDiscover.ts:38:3)
2021-10-14T13:15:31:     at Module._compile (internal/modules/cjs/loader.js:1085:14)
2021-10-14T13:15:31:     at Object.Module._extensions..js (internal/modules/cjs/loader.js:1114:10)
2021-10-14T13:15:31:     at Module.load (internal/modules/cjs/loader.js:950:32)
2021-10-14T13:15:31:     at Function.Module._load (internal/modules/cjs/loader.js:790:12)
2021-10-14T13:15:31:     at Module.require (internal/modules/cjs/loader.js:974:19)
2021-10-14T13:15:31:     at Module.Hook._require.Module.require (/usr/lib/node_modules/pm2/node_modules/require-in-the-middle/index.js:80:39)
2021-10-14T13:15:31:     at require (internal/modules/cjs/helpers.js:93:18)
2021-10-14T13:15:31:     at Object.<anonymous> (/home/spinalcom/Desktop/apps/organs/spinal-organ-bacnet/src/utilities/Functions.ts:11:1)
2021-10-14T13:15:32: TypeError: Cannot set property 'discoverQueue' of undefined
2021-10-14T13:15:32:     at /home/spinalcom/Desktop/apps/organs/spinal-organ-bacnet/src/modules/SpinalDiscover.ts:13:22
2021-10-14T13:15:32:     at Object.<anonymous> (/home/spinalcom/Desktop/apps/organs/spinal-organ-bacnet/src/modules/SpinalDiscover.ts:38:3)
2021-10-14T13:15:32:     at Module._compile (internal/modules/cjs/loader.js:1085:14)
2021-10-14T13:15:32:     at Object.Module._extensions..js (internal/modules/cjs/loader.js:1114:10)
2021-10-14T13:15:32:     at Module.load (internal/modules/cjs/loader.js:950:32)
2021-10-14T13:15:32:     at Function.Module._load (internal/modules/cjs/loader.js:790:12)
2021-10-14T13:15:32:     at Module.require (internal/modules/cjs/loader.js:974:19)
2021-10-14T13:15:32:     at Module.Hook._require.Module.require (/usr/lib/node_modules/pm2/node_modules/require-in-the-middle/index.js:80:39)
2021-10-14T13:15:32:     at require (internal/modules/cjs/helpers.js:93:18)
2021-10-14T13:15:32:     at Object.<anonymous> (/home/spinalcom/Desktop/apps/organs/spinal-organ-bacnet/src/utilities/Functions.ts:11:1)
2021-10-14T13:15:32: TypeError: Cannot set property 'discoverQueue' of undefined
2021-10-14T13:15:32:     at /home/spinalcom/Desktop/apps/organs/spinal-organ-bacnet/src/modules/SpinalDiscover.ts:13:22
2021-10-14T13:15:32:     at Object.<anonymous> (/home/spinalcom/Desktop/apps/organs/spinal-organ-bacnet/src/modules/SpinalDiscover.ts:38:3)
2021-10-14T13:15:32:     at Module._compile (internal/modules/cjs/loader.js:1085:14)
2021-10-14T13:15:32:     at Object.Module._extensions..js (internal/modules/cjs/loader.js:1114:10)
2021-10-14T13:15:32:     at Module.load (internal/modules/cjs/loader.js:950:32)
2021-10-14T13:15:32:     at Function.Module._load (internal/modules/cjs/loader.js:790:12)
2021-10-14T13:15:32:     at Module.require (internal/modules/cjs/loader.js:974:19)
2021-10-14T13:15:32:     at Module.Hook._require.Module.require (/usr/lib/node_modules/pm2/node_modules/require-in-the-middle/index.js:80:39)
2021-10-14T13:15:32:     at require (internal/modules/cjs/helpers.js:93:18)
2021-10-14T13:15:32:     at Object.<anonymous> (/home/spinalcom/Desktop/apps/organs/spinal-organ-bacnet/src/utilities/Functions.ts:11:1)
2021-10-14T13:15:32: TypeError: Cannot set property 'discoverQueue' of undefined
2021-10-14T13:15:32:     at /home/spinalcom/Desktop/apps/organs/spinal-organ-bacnet/src/modules/SpinalDiscover.ts:13:22
2021-10-14T13:15:32:     at Object.<anonymous> (/home/spinalcom/Desktop/apps/organs/spinal-organ-bacnet/src/modules/SpinalDiscover.ts:38:3)
2021-10-14T13:15:32:     at Module._compile (internal/modules/cjs/loader.js:1085:14)
2021-10-14T13:15:32:     at Object.Module._extensions..js (internal/modules/cjs/loader.js:1114:10)
2021-10-14T13:15:32:     at Module.load (internal/modules/cjs/loader.js:950:32)
2021-10-14T13:15:32:     at Function.Module._load (internal/modules/cjs/loader.js:790:12)
2021-10-14T13:15:32:     at Module.require (internal/modules/cjs/loader.js:974:19)
2021-10-14T13:15:32:     at Module.Hook._require.Module.require (/usr/lib/node_modules/pm2/node_modules/require-in-the-middle/index.js:80:39)
2021-10-14T13:15:32:     at require (internal/modules/cjs/helpers.js:93:18)
2021-10-14T13:15:32:     at Object.<anonymous> (/home/spinalcom/Desktop/apps/organs/spinal-organ-bacnet/src/utilities/Functions.ts:11:1)
2021-10-14T13:15:32: TypeError: Cannot set property 'discoverQueue' of undefined
2021-10-14T13:15:32:     at /home/spinalcom/Desktop/apps/organs/spinal-organ-bacnet/src/modules/SpinalDiscover.ts:13:22
2021-10-14T13:15:32:     at Object.<anonymous> (/home/spinalcom/Desktop/apps/organs/spinal-organ-bacnet/src/modules/SpinalDiscover.ts:38:3)
2021-10-14T13:15:32:     at Module._compile (internal/modules/cjs/loader.js:1085:14)
2021-10-14T13:15:32:     at Object.Module._extensions..js (internal/modules/cjs/loader.js:1114:10)
2021-10-14T13:15:32:     at Module.load (internal/modules/cjs/loader.js:950:32)
2021-10-14T13:15:32:     at Function.Module._load (internal/modules/cjs/loader.js:790:12)
2021-10-14T13:15:32:     at Module.require (internal/modules/cjs/loader.js:974:19)
2021-10-14T13:15:32:     at Module.Hook._require.Module.require (/usr/lib/node_modules/pm2/node_modules/require-in-the-middle/index.js:80:39)
2021-10-14T13:15:32:     at require (internal/modules/cjs/helpers.js:93:18)
2021-10-14T13:15:32:     at Object.<anonymous> (/home/spinalcom/Desktop/apps/organs/spinal-organ-bacnet/src/utilities/Functions.ts:11:1)
2021-10-14T13:15:32: TypeError: Cannot set property 'discoverQueue' of undefined
2021-10-14T13:15:32:     at /home/spinalcom/Desktop/apps/organs/spinal-organ-bacnet/src/modules/SpinalDiscover.ts:13:22
2021-10-14T13:15:32:     at Object.<anonymous> (/home/spinalcom/Desktop/apps/organs/spinal-organ-bacnet/src/modules/SpinalDiscover.ts:38:3)
2021-10-14T13:15:32:     at Module._compile (internal/modules/cjs/loader.js:1085:14)
2021-10-14T13:15:32:     at Object.Module._extensions..js (internal/modules/cjs/loader.js:1114:10)
2021-10-14T13:15:32:     at Module.load (internal/modules/cjs/loader.js:950:32)
2021-10-14T13:15:32:     at Function.Module._load (internal/modules/cjs/loader.js:790:12)
2021-10-14T13:15:32:     at Module.require (internal/modules/cjs/loader.js:974:19)
2021-10-14T13:15:32:     at Module.Hook._require.Module.require (/usr/lib/node_modules/pm2/node_modules/require-in-the-middle/index.js:80:39)
2021-10-14T13:15:32:     at require (internal/modules/cjs/helpers.js:93:18)
2021-10-14T13:15:32:     at Object.<anonymous> (/home/spinalcom/Desktop/apps/organs/spinal-organ-bacnet/src/utilities/Functions.ts:11:1)
2021-10-14T13:15:33: TypeError: Cannot set property 'discoverQueue' of undefined
2021-10-14T13:15:33:     at /home/spinalcom/Desktop/apps/organs/spinal-organ-bacnet/src/modules/SpinalDiscover.ts:13:22
2021-10-14T13:15:33:     at Object.<anonymous> (/home/spinalcom/Desktop/apps/organs/spinal-organ-bacnet/src/modules/SpinalDiscover.ts:38:3)
2021-10-14T13:15:33:     at Module._compile (internal/modules/cjs/loader.js:1085:14)
2021-10-14T13:15:33:     at Object.Module._extensions..js (internal/modules/cjs/loader.js:1114:10)
2021-10-14T13:15:33:     at Module.load (internal/modules/cjs/loader.js:950:32)
2021-10-14T13:15:33:     at Function.Module._load (internal/modules/cjs/loader.js:790:12)
2021-10-14T13:15:33:     at Module.require (internal/modules/cjs/loader.js:974:19)
2021-10-14T13:15:33:     at Module.Hook._require.Module.require (/usr/lib/node_modules/pm2/node_modules/require-in-the-middle/index.js:80:39)
2021-10-14T13:15:33:     at require (internal/modules/cjs/helpers.js:93:18)
2021-10-14T13:15:33:     at Object.<anonymous> (/home/spinalcom/Desktop/apps/organs/spinal-organ-bacnet/src/utilities/Functions.ts:11:1)
2021-10-14T13:15:33: TypeError: Cannot set property 'discoverQueue' of undefined
2021-10-14T13:15:33:     at /home/spinalcom/Desktop/apps/organs/spinal-organ-bacnet/src/modules/SpinalDiscover.ts:13:22
2021-10-14T13:15:33:     at Object.<anonymous> (/home/spinalcom/Desktop/apps/organs/spinal-organ-bacnet/src/modules/SpinalDiscover.ts:38:3)
2021-10-14T13:15:33:     at Module._compile (internal/modules/cjs/loader.js:1085:14)
2021-10-14T13:15:33:     at Object.Module._extensions..js (internal/modules/cjs/loader.js:1114:10)
2021-10-14T13:15:33:     at Module.load (internal/modules/cjs/loader.js:950:32)
2021-10-14T13:15:33:     at Function.Module._load (internal/modules/cjs/loader.js:790:12)
2021-10-14T13:15:33:     at Module.require (internal/modules/cjs/loader.js:974:19)
2021-10-14T13:15:33:     at Module.Hook._require.Module.require (/usr/lib/node_modules/pm2/node_modules/require-in-the-middle/index.js:80:39)
2021-10-14T13:15:33:     at require (internal/modules/cjs/helpers.js:93:18)
2021-10-14T13:15:33:     at Object.<anonymous> (/home/spinalcom/Desktop/apps/organs/spinal-organ-bacnet/src/utilities/Functions.ts:11:1)
2021-10-14T13:15:33: TypeError: Cannot set property 'discoverQueue' of undefined
2021-10-14T13:15:33:     at /home/spinalcom/Desktop/apps/organs/spinal-organ-bacnet/src/modules/SpinalDiscover.ts:13:22
2021-10-14T13:15:33:     at Object.<anonymous> (/home/spinalcom/Desktop/apps/organs/spinal-organ-bacnet/src/modules/SpinalDiscover.ts:38:3)
2021-10-14T13:15:33:     at Module._compile (internal/modules/cjs/loader.js:1085:14)
2021-10-14T13:15:33:     at Object.Module._extensions..js (internal/modules/cjs/loader.js:1114:10)
2021-10-14T13:15:33:     at Module.load (internal/modules/cjs/loader.js:950:32)
2021-10-14T13:15:33:     at Function.Module._load (internal/modules/cjs/loader.js:790:12)
2021-10-14T13:15:33:     at Module.require (internal/modules/cjs/loader.js:974:19)
2021-10-14T13:15:33:     at Module.Hook._require.Module.require (/usr/lib/node_modules/pm2/node_modules/require-in-the-middle/index.js:80:39)
2021-10-14T13:15:33:     at require (internal/modules/cjs/helpers.js:93:18)
2021-10-14T13:15:33:     at Object.<anonymous> (/home/spinalcom/Desktop/apps/organs/spinal-organ-bacnet/src/utilities/Functions.ts:11:1)
2021-10-14T13:15:33: TypeError: Cannot set property 'discoverQueue' of undefined
2021-10-14T13:15:33:     at /home/spinalcom/Desktop/apps/organs/spinal-organ-bacnet/src/modules/SpinalDiscover.ts:13:22
2021-10-14T13:15:33:     at Object.<anonymous> (/home/spinalcom/Desktop/apps/organs/spinal-organ-bacnet/src/modules/SpinalDiscover.ts:38:3)
2021-10-14T13:15:33:     at Module._compile (internal/modules/cjs/loader.js:1085:14)
2021-10-14T13:15:33:     at Object.Module._extensions..js (internal/modules/cjs/loader.js:1114:10)
2021-10-14T13:15:33:     at Module.load (internal/modules/cjs/loader.js:950:32)
2021-10-14T13:15:33:     at Function.Module._load (internal/modules/cjs/loader.js:790:12)
2021-10-14T13:15:33:     at Module.require (internal/modules/cjs/loader.js:974:19)
2021-10-14T13:15:33:     at Module.Hook._require.Module.require (/usr/lib/node_modules/pm2/node_modules/require-in-the-middle/index.js:80:39)
2021-10-14T13:15:33:     at require (internal/modules/cjs/helpers.js:93:18)
2021-10-14T13:15:33:     at Object.<anonymous> (/home/spinalcom/Desktop/apps/organs/spinal-organ-bacnet/src/utilities/Functions.ts:11:1)
2021-10-14T13:15:33: TypeError: Cannot set property 'discoverQueue' of undefined
2021-10-14T13:15:33:     at /home/spinalcom/Desktop/apps/organs/spinal-organ-bacnet/src/modules/SpinalDiscover.ts:13:22
2021-10-14T13:15:33:     at Object.<anonymous> (/home/spinalcom/Desktop/apps/organs/spinal-organ-bacnet/src/modules/SpinalDiscover.ts:38:3)
2021-10-14T13:15:33:     at Module._compile (internal/modules/cjs/loader.js:1085:14)
2021-10-14T13:15:33:     at Object.Module._extensions..js (internal/modules/cjs/loader.js:1114:10)
2021-10-14T13:15:33:     at Module.load (internal/modules/cjs/loader.js:950:32)
2021-10-14T13:15:33:     at Function.Module._load (internal/modules/cjs/loader.js:790:12)
2021-10-14T13:15:33:     at Module.require (internal/modules/cjs/loader.js:974:19)
2021-10-14T13:15:33:     at Module.Hook._require.Module.require (/usr/lib/node_modules/pm2/node_modules/require-in-the-middle/index.js:80:39)
2021-10-14T13:15:33:     at require (internal/modules/cjs/helpers.js:93:18)
2021-10-14T13:15:33:     at Object.<anonymous> (/home/spinalcom/Desktop/apps/organs/spinal-organ-bacnet/src/utilities/Functions.ts:11:1)
2021-10-14T13:15:34: TypeError: Cannot set property 'discoverQueue' of undefined
2021-10-14T13:15:34:     at /home/spinalcom/Desktop/apps/organs/spinal-organ-bacnet/src/modules/SpinalDiscover.ts:13:22
2021-10-14T13:15:34:     at Object.<anonymous> (/home/spinalcom/Desktop/apps/organs/spinal-organ-bacnet/src/modules/SpinalDiscover.ts:38:3)
2021-10-14T13:15:34:     at Module._compile (internal/modules/cjs/loader.js:1085:14)
2021-10-14T13:15:34:     at Object.Module._extensions..js (internal/modules/cjs/loader.js:1114:10)
2021-10-14T13:15:34:     at Module.load (internal/modules/cjs/loader.js:950:32)
2021-10-14T13:15:34:     at Function.Module._load (internal/modules/cjs/loader.js:790:12)
2021-10-14T13:15:34:     at Module.require (internal/modules/cjs/loader.js:974:19)
2021-10-14T13:15:34:     at Module.Hook._require.Module.require (/usr/lib/node_modules/pm2/node_modules/require-in-the-middle/index.js:80:39)
2021-10-14T13:15:34:     at require (internal/modules/cjs/helpers.js:93:18)
2021-10-14T13:15:34:     at Object.<anonymous> (/home/spinalcom/Desktop/apps/organs/spinal-organ-bacnet/src/utilities/Functions.ts:11:1)
2021-10-14T13:15:34: TypeError: Cannot set property 'discoverQueue' of undefined
2021-10-14T13:15:34:     at /home/spinalcom/Desktop/apps/organs/spinal-organ-bacnet/src/modules/SpinalDiscover.ts:13:22
2021-10-14T13:15:34:     at Object.<anonymous> (/home/spinalcom/Desktop/apps/organs/spinal-organ-bacnet/src/modules/SpinalDiscover.ts:38:3)
2021-10-14T13:15:34:     at Module._compile (internal/modules/cjs/loader.js:1085:14)
2021-10-14T13:15:34:     at Object.Module._extensions..js (internal/modules/cjs/loader.js:1114:10)
2021-10-14T13:15:34:     at Module.load (internal/modules/cjs/loader.js:950:32)
2021-10-14T13:15:34:     at Function.Module._load (internal/modules/cjs/loader.js:790:12)
2021-10-14T13:15:34:     at Module.require (internal/modules/cjs/loader.js:974:19)
2021-10-14T13:15:34:     at Module.Hook._require.Module.require (/usr/lib/node_modules/pm2/node_modules/require-in-the-middle/index.js:80:39)
2021-10-14T13:15:34:     at require (internal/modules/cjs/helpers.js:93:18)
2021-10-14T13:15:34:     at Object.<anonymous> (/home/spinalcom/Desktop/apps/organs/spinal-organ-bacnet/src/utilities/Functions.ts:11:1)
2021-10-14T13:15:34: TypeError: Cannot set property 'discoverQueue' of undefined
2021-10-14T13:15:34:     at /home/spinalcom/Desktop/apps/organs/spinal-organ-bacnet/src/modules/SpinalDiscover.ts:13:22
2021-10-14T13:15:34:     at Object.<anonymous> (/home/spinalcom/Desktop/apps/organs/spinal-organ-bacnet/src/modules/SpinalDiscover.ts:38:3)
2021-10-14T13:15:34:     at Module._compile (internal/modules/cjs/loader.js:1085:14)
2021-10-14T13:15:34:     at Object.Module._extensions..js (internal/modules/cjs/loader.js:1114:10)
2021-10-14T13:15:34:     at Module.load (internal/modules/cjs/loader.js:950:32)
2021-10-14T13:15:34:     at Function.Module._load (internal/modules/cjs/loader.js:790:12)
2021-10-14T13:15:34:     at Module.require (internal/modules/cjs/loader.js:974:19)
2021-10-14T13:15:34:     at Module.Hook._require.Module.require (/usr/lib/node_modules/pm2/node_modules/require-in-the-middle/index.js:80:39)
2021-10-14T13:15:34:     at require (internal/modules/cjs/helpers.js:93:18)
2021-10-14T13:15:34:     at Object.<anonymous> (/home/spinalcom/Desktop/apps/organs/spinal-organ-bacnet/src/utilities/Functions.ts:11:1)
2021-10-14T13:15:34: TypeError: Cannot set property 'discoverQueue' of undefined
2021-10-14T13:15:34:     at /home/spinalcom/Desktop/apps/organs/spinal-organ-bacnet/src/modules/SpinalDiscover.ts:13:22
2021-10-14T13:15:34:     at Object.<anonymous> (/home/spinalcom/Desktop/apps/organs/spinal-organ-bacnet/src/modules/SpinalDiscover.ts:38:3)
2021-10-14T13:15:34:     at Module._compile (internal/modules/cjs/loader.js:1085:14)
2021-10-14T13:15:34:     at Object.Module._extensions..js (internal/modules/cjs/loader.js:1114:10)
2021-10-14T13:15:34:     at Module.load (internal/modules/cjs/loader.js:950:32)
2021-10-14T13:15:34:     at Function.Module._load (internal/modules/cjs/loader.js:790:12)
2021-10-14T13:15:34:     at Module.require (internal/modules/cjs/loader.js:974:19)
2021-10-14T13:15:34:     at Module.Hook._require.Module.require (/usr/lib/node_modules/pm2/node_modules/require-in-the-middle/index.js:80:39)
2021-10-14T13:15:34:     at require (internal/modules/cjs/helpers.js:93:18)
2021-10-14T13:15:34:     at Object.<anonymous> (/home/spinalcom/Desktop/apps/organs/spinal-organ-bacnet/src/utilities/Functions.ts:11:1)
2021-10-14T13:15:34: TypeError: Cannot set property 'discoverQueue' of undefined
2021-10-14T13:15:34:     at /home/spinalcom/Desktop/apps/organs/spinal-organ-bacnet/src/modules/SpinalDiscover.ts:13:22
2021-10-14T13:15:34:     at Object.<anonymous> (/home/spinalcom/Desktop/apps/organs/spinal-organ-bacnet/src/modules/SpinalDiscover.ts:38:3)
2021-10-14T13:15:34:     at Module._compile (internal/modules/cjs/loader.js:1085:14)
2021-10-14T13:15:34:     at Object.Module._extensions..js (internal/modules/cjs/loader.js:1114:10)
2021-10-14T13:15:34:     at Module.load (internal/modules/cjs/loader.js:950:32)
2021-10-14T13:15:34:     at Function.Module._load (internal/modules/cjs/loader.js:790:12)
2021-10-14T13:15:34:     at Module.require (internal/modules/cjs/loader.js:974:19)
2021-10-14T13:15:34:     at Module.Hook._require.Module.require (/usr/lib/node_modules/pm2/node_modules/require-in-the-middle/index.js:80:39)
2021-10-14T13:15:34:     at require (internal/modules/cjs/helpers.js:93:18)
2021-10-14T13:15:34:     at Object.<anonymous> (/home/spinalcom/Desktop/apps/organs/spinal-organ-bacnet/src/utilities/Functions.ts:11:1)
2021-10-14T13:16:03: TypeError: Cannot set property 'discoverQueue' of undefined
2021-10-14T13:16:03:     at /home/spinalcom/Desktop/apps/organs/spinal-organ-bacnet/src/modules/SpinalDiscover.ts:13:22
2021-10-14T13:16:03:     at Object.<anonymous> (/home/spinalcom/Desktop/apps/organs/spinal-organ-bacnet/src/modules/SpinalDiscover.ts:38:3)
2021-10-14T13:16:03:     at Module._compile (internal/modules/cjs/loader.js:1085:14)
2021-10-14T13:16:03:     at Object.Module._extensions..js (internal/modules/cjs/loader.js:1114:10)
2021-10-14T13:16:03:     at Module.load (internal/modules/cjs/loader.js:950:32)
2021-10-14T13:16:03:     at Function.Module._load (internal/modules/cjs/loader.js:790:12)
2021-10-14T13:16:03:     at Module.require (internal/modules/cjs/loader.js:974:19)
2021-10-14T13:16:03:     at Module.Hook._require.Module.require (/usr/lib/node_modules/pm2/node_modules/require-in-the-middle/index.js:80:39)
2021-10-14T13:16:03:     at require (internal/modules/cjs/helpers.js:93:18)
2021-10-14T13:16:03:     at Object.<anonymous> (/home/spinalcom/Desktop/apps/organs/spinal-organ-bacnet/src/utilities/Functions.ts:11:1)
2021-10-14T13:16:04: TypeError: Cannot set property 'discoverQueue' of undefined
2021-10-14T13:16:04:     at /home/spinalcom/Desktop/apps/organs/spinal-organ-bacnet/src/modules/SpinalDiscover.ts:13:22
2021-10-14T13:16:04:     at Object.<anonymous> (/home/spinalcom/Desktop/apps/organs/spinal-organ-bacnet/src/modules/SpinalDiscover.ts:38:3)
2021-10-14T13:16:04:     at Module._compile (internal/modules/cjs/loader.js:1085:14)
2021-10-14T13:16:04:     at Object.Module._extensions..js (internal/modules/cjs/loader.js:1114:10)
2021-10-14T13:16:04:     at Module.load (internal/modules/cjs/loader.js:950:32)
2021-10-14T13:16:04:     at Function.Module._load (internal/modules/cjs/loader.js:790:12)
2021-10-14T13:16:04:     at Module.require (internal/modules/cjs/loader.js:974:19)
2021-10-14T13:16:04:     at Module.Hook._require.Module.require (/usr/lib/node_modules/pm2/node_modules/require-in-the-middle/index.js:80:39)
2021-10-14T13:16:04:     at require (internal/modules/cjs/helpers.js:93:18)
2021-10-14T13:16:04:     at Object.<anonymous> (/home/spinalcom/Desktop/apps/organs/spinal-organ-bacnet/src/utilities/Functions.ts:11:1)
2021-10-14T13:16:04: TypeError: Cannot set property 'discoverQueue' of undefined
2021-10-14T13:16:04:     at /home/spinalcom/Desktop/apps/organs/spinal-organ-bacnet/src/modules/SpinalDiscover.ts:13:22
2021-10-14T13:16:04:     at Object.<anonymous> (/home/spinalcom/Desktop/apps/organs/spinal-organ-bacnet/src/modules/SpinalDiscover.ts:38:3)
2021-10-14T13:16:04:     at Module._compile (internal/modules/cjs/loader.js:1085:14)
2021-10-14T13:16:04:     at Object.Module._extensions..js (internal/modules/cjs/loader.js:1114:10)
2021-10-14T13:16:04:     at Module.load (internal/modules/cjs/loader.js:950:32)
2021-10-14T13:16:04:     at Function.Module._load (internal/modules/cjs/loader.js:790:12)
2021-10-14T13:16:04:     at Module.require (internal/modules/cjs/loader.js:974:19)
2021-10-14T13:16:04:     at Module.Hook._require.Module.require (/usr/lib/node_modules/pm2/node_modules/require-in-the-middle/index.js:80:39)
2021-10-14T13:16:04:     at require (internal/modules/cjs/helpers.js:93:18)
2021-10-14T13:16:04:     at Object.<anonymous> (/home/spinalcom/Desktop/apps/organs/spinal-organ-bacnet/src/utilities/Functions.ts:11:1)
2021-10-14T13:16:04: TypeError: Cannot set property 'discoverQueue' of undefined
2021-10-14T13:16:04:     at /home/spinalcom/Desktop/apps/organs/spinal-organ-bacnet/src/modules/SpinalDiscover.ts:13:22
2021-10-14T13:16:04:     at Object.<anonymous> (/home/spinalcom/Desktop/apps/organs/spinal-organ-bacnet/src/modules/SpinalDiscover.ts:38:3)
2021-10-14T13:16:04:     at Module._compile (internal/modules/cjs/loader.js:1085:14)
2021-10-14T13:16:04:     at Object.Module._extensions..js (internal/modules/cjs/loader.js:1114:10)
2021-10-14T13:16:04:     at Module.load (internal/modules/cjs/loader.js:950:32)
2021-10-14T13:16:04:     at Function.Module._load (internal/modules/cjs/loader.js:790:12)
2021-10-14T13:16:04:     at Module.require (internal/modules/cjs/loader.js:974:19)
2021-10-14T13:16:04:     at Module.Hook._require.Module.require (/usr/lib/node_modules/pm2/node_modules/require-in-the-middle/index.js:80:39)
2021-10-14T13:16:04:     at require (internal/modules/cjs/helpers.js:93:18)
2021-10-14T13:16:04:     at Object.<anonymous> (/home/spinalcom/Desktop/apps/organs/spinal-organ-bacnet/src/utilities/Functions.ts:11:1)
2021-10-14T13:16:04: TypeError: Cannot set property 'discoverQueue' of undefined
2021-10-14T13:16:04:     at /home/spinalcom/Desktop/apps/organs/spinal-organ-bacnet/src/modules/SpinalDiscover.ts:13:22
2021-10-14T13:16:04:     at Object.<anonymous> (/home/spinalcom/Desktop/apps/organs/spinal-organ-bacnet/src/modules/SpinalDiscover.ts:38:3)
2021-10-14T13:16:04:     at Module._compile (internal/modules/cjs/loader.js:1085:14)
2021-10-14T13:16:04:     at Object.Module._extensions..js (internal/modules/cjs/loader.js:1114:10)
2021-10-14T13:16:04:     at Module.load (internal/modules/cjs/loader.js:950:32)
2021-10-14T13:16:04:     at Function.Module._load (internal/modules/cjs/loader.js:790:12)
2021-10-14T13:16:04:     at Module.require (internal/modules/cjs/loader.js:974:19)
2021-10-14T13:16:04:     at Module.Hook._require.Module.require (/usr/lib/node_modules/pm2/node_modules/require-in-the-middle/index.js:80:39)
2021-10-14T13:16:04:     at require (internal/modules/cjs/helpers.js:93:18)
2021-10-14T13:16:04:     at Object.<anonymous> (/home/spinalcom/Desktop/apps/organs/spinal-organ-bacnet/src/utilities/Functions.ts:11:1)
2021-10-14T13:16:04: TypeError: Cannot set property 'discoverQueue' of undefined
2021-10-14T13:16:04:     at /home/spinalcom/Desktop/apps/organs/spinal-organ-bacnet/src/modules/SpinalDiscover.ts:13:22
2021-10-14T13:16:04:     at Object.<anonymous> (/home/spinalcom/Desktop/apps/organs/spinal-organ-bacnet/src/modules/SpinalDiscover.ts:38:3)
2021-10-14T13:16:04:     at Module._compile (internal/modules/cjs/loader.js:1085:14)
2021-10-14T13:16:04:     at Object.Module._extensions..js (internal/modules/cjs/loader.js:1114:10)
2021-10-14T13:16:04:     at Module.load (internal/modules/cjs/loader.js:950:32)
2021-10-14T13:16:04:     at Function.Module._load (internal/modules/cjs/loader.js:790:12)
2021-10-14T13:16:04:     at Module.require (internal/modules/cjs/loader.js:974:19)
2021-10-14T13:16:04:     at Module.Hook._require.Module.require (/usr/lib/node_modules/pm2/node_modules/require-in-the-middle/index.js:80:39)
2021-10-14T13:16:04:     at require (internal/modules/cjs/helpers.js:93:18)
2021-10-14T13:16:04:     at Object.<anonymous> (/home/spinalcom/Desktop/apps/organs/spinal-organ-bacnet/src/utilities/Functions.ts:11:1)
2021-10-14T13:16:05: TypeError: Cannot set property 'discoverQueue' of undefined
2021-10-14T13:16:05:     at /home/spinalcom/Desktop/apps/organs/spinal-organ-bacnet/src/modules/SpinalDiscover.ts:13:22
2021-10-14T13:16:05:     at Object.<anonymous> (/home/spinalcom/Desktop/apps/organs/spinal-organ-bacnet/src/modules/SpinalDiscover.ts:38:3)
2021-10-14T13:16:05:     at Module._compile (internal/modules/cjs/loader.js:1085:14)
2021-10-14T13:16:05:     at Object.Module._extensions..js (internal/modules/cjs/loader.js:1114:10)
2021-10-14T13:16:05:     at Module.load (internal/modules/cjs/loader.js:950:32)
2021-10-14T13:16:05:     at Function.Module._load (internal/modules/cjs/loader.js:790:12)
2021-10-14T13:16:05:     at Module.require (internal/modules/cjs/loader.js:974:19)
2021-10-14T13:16:05:     at Module.Hook._require.Module.require (/usr/lib/node_modules/pm2/node_modules/require-in-the-middle/index.js:80:39)
2021-10-14T13:16:05:     at require (internal/modules/cjs/helpers.js:93:18)
2021-10-14T13:16:05:     at Object.<anonymous> (/home/spinalcom/Desktop/apps/organs/spinal-organ-bacnet/src/utilities/Functions.ts:11:1)
2021-10-14T13:16:05: TypeError: Cannot set property 'discoverQueue' of undefined
2021-10-14T13:16:05:     at /home/spinalcom/Desktop/apps/organs/spinal-organ-bacnet/src/modules/SpinalDiscover.ts:13:22
2021-10-14T13:16:05:     at Object.<anonymous> (/home/spinalcom/Desktop/apps/organs/spinal-organ-bacnet/src/modules/SpinalDiscover.ts:38:3)
2021-10-14T13:16:05:     at Module._compile (internal/modules/cjs/loader.js:1085:14)
2021-10-14T13:16:05:     at Object.Module._extensions..js (internal/modules/cjs/loader.js:1114:10)
2021-10-14T13:16:05:     at Module.load (internal/modules/cjs/loader.js:950:32)
2021-10-14T13:16:05:     at Function.Module._load (internal/modules/cjs/loader.js:790:12)
2021-10-14T13:16:05:     at Module.require (internal/modules/cjs/loader.js:974:19)
2021-10-14T13:16:05:     at Module.Hook._require.Module.require (/usr/lib/node_modules/pm2/node_modules/require-in-the-middle/index.js:80:39)
2021-10-14T13:16:05:     at require (internal/modules/cjs/helpers.js:93:18)
2021-10-14T13:16:05:     at Object.<anonymous> (/home/spinalcom/Desktop/apps/organs/spinal-organ-bacnet/src/utilities/Functions.ts:11:1)
2021-10-14T13:16:05: TypeError: Cannot set property 'discoverQueue' of undefined
2021-10-14T13:16:05:     at /home/spinalcom/Desktop/apps/organs/spinal-organ-bacnet/src/modules/SpinalDiscover.ts:13:22
2021-10-14T13:16:05:     at Object.<anonymous> (/home/spinalcom/Desktop/apps/organs/spinal-organ-bacnet/src/modules/SpinalDiscover.ts:38:3)
2021-10-14T13:16:05:     at Module._compile (internal/modules/cjs/loader.js:1085:14)
2021-10-14T13:16:05:     at Object.Module._extensions..js (internal/modules/cjs/loader.js:1114:10)
2021-10-14T13:16:05:     at Module.load (internal/modules/cjs/loader.js:950:32)
2021-10-14T13:16:05:     at Function.Module._load (internal/modules/cjs/loader.js:790:12)
2021-10-14T13:16:05:     at Module.require (internal/modules/cjs/loader.js:974:19)
2021-10-14T13:16:05:     at Module.Hook._require.Module.require (/usr/lib/node_modules/pm2/node_modules/require-in-the-middle/index.js:80:39)
2021-10-14T13:16:05:     at require (internal/modules/cjs/helpers.js:93:18)
2021-10-14T13:16:05:     at Object.<anonymous> (/home/spinalcom/Desktop/apps/organs/spinal-organ-bacnet/src/utilities/Functions.ts:11:1)
2021-10-14T13:16:05: TypeError: Cannot set property 'discoverQueue' of undefined
2021-10-14T13:16:05:     at /home/spinalcom/Desktop/apps/organs/spinal-organ-bacnet/src/modules/SpinalDiscover.ts:13:22
2021-10-14T13:16:05:     at Object.<anonymous> (/home/spinalcom/Desktop/apps/organs/spinal-organ-bacnet/src/modules/SpinalDiscover.ts:38:3)
2021-10-14T13:16:05:     at Module._compile (internal/modules/cjs/loader.js:1085:14)
2021-10-14T13:16:05:     at Object.Module._extensions..js (internal/modules/cjs/loader.js:1114:10)
2021-10-14T13:16:05:     at Module.load (internal/modules/cjs/loader.js:950:32)
2021-10-14T13:16:05:     at Function.Module._load (internal/modules/cjs/loader.js:790:12)
2021-10-14T13:16:05:     at Module.require (internal/modules/cjs/loader.js:974:19)
2021-10-14T13:16:05:     at Module.Hook._require.Module.require (/usr/lib/node_modules/pm2/node_modules/require-in-the-middle/index.js:80:39)
2021-10-14T13:16:05:     at require (internal/modules/cjs/helpers.js:93:18)
2021-10-14T13:16:05:     at Object.<anonymous> (/home/spinalcom/Desktop/apps/organs/spinal-organ-bacnet/src/utilities/Functions.ts:11:1)
2021-10-14T13:16:05: TypeError: Cannot set property 'discoverQueue' of undefined
2021-10-14T13:16:05:     at /home/spinalcom/Desktop/apps/organs/spinal-organ-bacnet/src/modules/SpinalDiscover.ts:13:22
2021-10-14T13:16:05:     at Object.<anonymous> (/home/spinalcom/Desktop/apps/organs/spinal-organ-bacnet/src/modules/SpinalDiscover.ts:38:3)
2021-10-14T13:16:05:     at Module._compile (internal/modules/cjs/loader.js:1085:14)
2021-10-14T13:16:05:     at Object.Module._extensions..js (internal/modules/cjs/loader.js:1114:10)
2021-10-14T13:16:05:     at Module.load (internal/modules/cjs/loader.js:950:32)
2021-10-14T13:16:05:     at Function.Module._load (internal/modules/cjs/loader.js:790:12)
2021-10-14T13:16:05:     at Module.require (internal/modules/cjs/loader.js:974:19)
2021-10-14T13:16:05:     at Module.Hook._require.Module.require (/usr/lib/node_modules/pm2/node_modules/require-in-the-middle/index.js:80:39)
2021-10-14T13:16:05:     at require (internal/modules/cjs/helpers.js:93:18)
2021-10-14T13:16:05:     at Object.<anonymous> (/home/spinalcom/Desktop/apps/organs/spinal-organ-bacnet/src/utilities/Functions.ts:11:1)
2021-10-14T13:16:06: TypeError: Cannot set property 'discoverQueue' of undefined
2021-10-14T13:16:06:     at /home/spinalcom/Desktop/apps/organs/spinal-organ-bacnet/src/modules/SpinalDiscover.ts:13:22
2021-10-14T13:16:06:     at Object.<anonymous> (/home/spinalcom/Desktop/apps/organs/spinal-organ-bacnet/src/modules/SpinalDiscover.ts:38:3)
2021-10-14T13:16:06:     at Module._compile (internal/modules/cjs/loader.js:1085:14)
2021-10-14T13:16:06:     at Object.Module._extensions..js (internal/modules/cjs/loader.js:1114:10)
2021-10-14T13:16:06:     at Module.load (internal/modules/cjs/loader.js:950:32)
2021-10-14T13:16:06:     at Function.Module._load (internal/modules/cjs/loader.js:790:12)
2021-10-14T13:16:06:     at Module.require (internal/modules/cjs/loader.js:974:19)
2021-10-14T13:16:06:     at Module.Hook._require.Module.require (/usr/lib/node_modules/pm2/node_modules/require-in-the-middle/index.js:80:39)
2021-10-14T13:16:06:     at require (internal/modules/cjs/helpers.js:93:18)
2021-10-14T13:16:06:     at Object.<anonymous> (/home/spinalcom/Desktop/apps/organs/spinal-organ-bacnet/src/utilities/Functions.ts:11:1)
2021-10-14T13:16:06: TypeError: Cannot set property 'discoverQueue' of undefined
2021-10-14T13:16:06:     at /home/spinalcom/Desktop/apps/organs/spinal-organ-bacnet/src/modules/SpinalDiscover.ts:13:22
2021-10-14T13:16:06:     at Object.<anonymous> (/home/spinalcom/Desktop/apps/organs/spinal-organ-bacnet/src/modules/SpinalDiscover.ts:38:3)
2021-10-14T13:16:06:     at Module._compile (internal/modules/cjs/loader.js:1085:14)
2021-10-14T13:16:06:     at Object.Module._extensions..js (internal/modules/cjs/loader.js:1114:10)
2021-10-14T13:16:06:     at Module.load (internal/modules/cjs/loader.js:950:32)
2021-10-14T13:16:06:     at Function.Module._load (internal/modules/cjs/loader.js:790:12)
2021-10-14T13:16:06:     at Module.require (internal/modules/cjs/loader.js:974:19)
2021-10-14T13:16:06:     at Module.Hook._require.Module.require (/usr/lib/node_modules/pm2/node_modules/require-in-the-middle/index.js:80:39)
2021-10-14T13:16:06:     at require (internal/modules/cjs/helpers.js:93:18)
2021-10-14T13:16:06:     at Object.<anonymous> (/home/spinalcom/Desktop/apps/organs/spinal-organ-bacnet/src/utilities/Functions.ts:11:1)
2021-10-14T13:16:06: TypeError: Cannot set property 'discoverQueue' of undefined
2021-10-14T13:16:06:     at /home/spinalcom/Desktop/apps/organs/spinal-organ-bacnet/src/modules/SpinalDiscover.ts:13:22
2021-10-14T13:16:06:     at Object.<anonymous> (/home/spinalcom/Desktop/apps/organs/spinal-organ-bacnet/src/modules/SpinalDiscover.ts:38:3)
2021-10-14T13:16:06:     at Module._compile (internal/modules/cjs/loader.js:1085:14)
2021-10-14T13:16:06:     at Object.Module._extensions..js (internal/modules/cjs/loader.js:1114:10)
2021-10-14T13:16:06:     at Module.load (internal/modules/cjs/loader.js:950:32)
2021-10-14T13:16:06:     at Function.Module._load (internal/modules/cjs/loader.js:790:12)
2021-10-14T13:16:06:     at Module.require (internal/modules/cjs/loader.js:974:19)
2021-10-14T13:16:06:     at Module.Hook._require.Module.require (/usr/lib/node_modules/pm2/node_modules/require-in-the-middle/index.js:80:39)
2021-10-14T13:16:06:     at require (internal/modules/cjs/helpers.js:93:18)
2021-10-14T13:16:06:     at Object.<anonymous> (/home/spinalcom/Desktop/apps/organs/spinal-organ-bacnet/src/utilities/Functions.ts:11:1)
2021-10-14T13:16:06: TypeError: Cannot set property 'discoverQueue' of undefined
2021-10-14T13:16:06:     at /home/spinalcom/Desktop/apps/organs/spinal-organ-bacnet/src/modules/SpinalDiscover.ts:13:22
2021-10-14T13:16:06:     at Object.<anonymous> (/home/spinalcom/Desktop/apps/organs/spinal-organ-bacnet/src/modules/SpinalDiscover.ts:38:3)
2021-10-14T13:16:06:     at Module._compile (internal/modules/cjs/loader.js:1085:14)
2021-10-14T13:16:06:     at Object.Module._extensions..js (internal/modules/cjs/loader.js:1114:10)
2021-10-14T13:16:06:     at Module.load (internal/modules/cjs/loader.js:950:32)
2021-10-14T13:16:06:     at Function.Module._load (internal/modules/cjs/loader.js:790:12)
2021-10-14T13:16:06:     at Module.require (internal/modules/cjs/loader.js:974:19)
2021-10-14T13:16:06:     at Module.Hook._require.Module.require (/usr/lib/node_modules/pm2/node_modules/require-in-the-middle/index.js:80:39)
2021-10-14T13:16:06:     at require (internal/modules/cjs/helpers.js:93:18)
2021-10-14T13:16:06:     at Object.<anonymous> (/home/spinalcom/Desktop/apps/organs/spinal-organ-bacnet/src/utilities/Functions.ts:11:1)
2021-10-14T13:16:06: TypeError: Cannot set property 'discoverQueue' of undefined
2021-10-14T13:16:06:     at /home/spinalcom/Desktop/apps/organs/spinal-organ-bacnet/src/modules/SpinalDiscover.ts:13:22
2021-10-14T13:16:06:     at Object.<anonymous> (/home/spinalcom/Desktop/apps/organs/spinal-organ-bacnet/src/modules/SpinalDiscover.ts:38:3)
2021-10-14T13:16:06:     at Module._compile (internal/modules/cjs/loader.js:1085:14)
2021-10-14T13:16:06:     at Object.Module._extensions..js (internal/modules/cjs/loader.js:1114:10)
2021-10-14T13:16:06:     at Module.load (internal/modules/cjs/loader.js:950:32)
2021-10-14T13:16:06:     at Function.Module._load (internal/modules/cjs/loader.js:790:12)
2021-10-14T13:16:06:     at Module.require (internal/modules/cjs/loader.js:974:19)
2021-10-14T13:16:06:     at Module.Hook._require.Module.require (/usr/lib/node_modules/pm2/node_modules/require-in-the-middle/index.js:80:39)
2021-10-14T13:16:06:     at require (internal/modules/cjs/helpers.js:93:18)
2021-10-14T13:16:06:     at Object.<anonymous> (/home/spinalcom/Desktop/apps/organs/spinal-organ-bacnet/src/utilities/Functions.ts:11:1)
2021-10-14T13:27:05: organ found !
2021-10-14T13:27:10: start monitoring...
2021-10-14T13:27:10: stopped false
2021-10-14T13:27:36: restart organ 3
2021-10-14T13:27:38: organ found !
2021-10-14T13:27:43: start monitoring...
2021-10-14T13:27:43: stopped false
