2021-10-14T13:15:31: TypeError: Cannot set property 'discoverQueue' of undefined
2021-10-14T13:15:31:     at /home/spinalcom/Desktop/apps/organs/spinal-organ-bacnet/src/modules/SpinalDiscover.ts:13:22
2021-10-14T13:15:31:     at Object.<anonymous> (/home/spinalcom/Desktop/apps/organs/spinal-organ-bacnet/src/modules/SpinalDiscover.ts:38:3)
2021-10-14T13:15:31:     at Module._compile (internal/modules/cjs/loader.js:1085:14)
2021-10-14T13:15:31:     at Object.Module._extensions..js (internal/modules/cjs/loader.js:1114:10)
2021-10-14T13:15:31:     at Module.load (internal/modules/cjs/loader.js:950:32)
2021-10-14T13:15:31:     at Function.Module._load (internal/modules/cjs/loader.js:790:12)
2021-10-14T13:15:31:     at Module.require (internal/modules/cjs/loader.js:974:19)
2021-10-14T13:15:31:     at Module.Hook._require.Module.require (/usr/lib/node_modules/pm2/node_modules/require-in-the-middle/index.js:80:39)
2021-10-14T13:15:31:     at require (internal/modules/cjs/helpers.js:93:18)
2021-10-14T13:15:31:     at Object.<anonymous> (/home/spinalcom/Desktop/apps/organs/spinal-organ-bacnet/src/utilities/Functions.ts:11:1)
2021-10-14T13:15:32: TypeError: Cannot set property 'discoverQueue' of undefined
2021-10-14T13:15:32:     at /home/spinalcom/Desktop/apps/organs/spinal-organ-bacnet/src/modules/SpinalDiscover.ts:13:22
2021-10-14T13:15:32:     at Object.<anonymous> (/home/spinalcom/Desktop/apps/organs/spinal-organ-bacnet/src/modules/SpinalDiscover.ts:38:3)
2021-10-14T13:15:32:     at Module._compile (internal/modules/cjs/loader.js:1085:14)
2021-10-14T13:15:32:     at Object.Module._extensions..js (internal/modules/cjs/loader.js:1114:10)
2021-10-14T13:15:32:     at Module.load (internal/modules/cjs/loader.js:950:32)
2021-10-14T13:15:32:     at Function.Module._load (internal/modules/cjs/loader.js:790:12)
2021-10-14T13:15:32:     at Module.require (internal/modules/cjs/loader.js:974:19)
2021-10-14T13:15:32:     at Module.Hook._require.Module.require (/usr/lib/node_modules/pm2/node_modules/require-in-the-middle/index.js:80:39)
2021-10-14T13:15:32:     at require (internal/modules/cjs/helpers.js:93:18)
2021-10-14T13:15:32:     at Object.<anonymous> (/home/spinalcom/Desktop/apps/organs/spinal-organ-bacnet/src/utilities/Functions.ts:11:1)
2021-10-14T13:15:32: TypeError: Cannot set property 'discoverQueue' of undefined
2021-10-14T13:15:32:     at /home/spinalcom/Desktop/apps/organs/spinal-organ-bacnet/src/modules/SpinalDiscover.ts:13:22
2021-10-14T13:15:32:     at Object.<anonymous> (/home/spinalcom/Desktop/apps/organs/spinal-organ-bacnet/src/modules/SpinalDiscover.ts:38:3)
2021-10-14T13:15:32:     at Module._compile (internal/modules/cjs/loader.js:1085:14)
2021-10-14T13:15:32:     at Object.Module._extensions..js (internal/modules/cjs/loader.js:1114:10)
2021-10-14T13:15:32:     at Module.load (internal/modules/cjs/loader.js:950:32)
2021-10-14T13:15:32:     at Function.Module._load (internal/modules/cjs/loader.js:790:12)
2021-10-14T13:15:32:     at Module.require (internal/modules/cjs/loader.js:974:19)
2021-10-14T13:15:32:     at Module.Hook._require.Module.require (/usr/lib/node_modules/pm2/node_modules/require-in-the-middle/index.js:80:39)
2021-10-14T13:15:32:     at require (internal/modules/cjs/helpers.js:93:18)
2021-10-14T13:15:32:     at Object.<anonymous> (/home/spinalcom/Desktop/apps/organs/spinal-organ-bacnet/src/utilities/Functions.ts:11:1)
2021-10-14T13:15:32: TypeError: Cannot set property 'discoverQueue' of undefined
2021-10-14T13:15:32:     at /home/spinalcom/Desktop/apps/organs/spinal-organ-bacnet/src/modules/SpinalDiscover.ts:13:22
2021-10-14T13:15:32:     at Object.<anonymous> (/home/spinalcom/Desktop/apps/organs/spinal-organ-bacnet/src/modules/SpinalDiscover.ts:38:3)
2021-10-14T13:15:32:     at Module._compile (internal/modules/cjs/loader.js:1085:14)
2021-10-14T13:15:32:     at Object.Module._extensions..js (internal/modules/cjs/loader.js:1114:10)
2021-10-14T13:15:32:     at Module.load (internal/modules/cjs/loader.js:950:32)
2021-10-14T13:15:32:     at Function.Module._load (internal/modules/cjs/loader.js:790:12)
2021-10-14T13:15:32:     at Module.require (internal/modules/cjs/loader.js:974:19)
2021-10-14T13:15:32:     at Module.Hook._require.Module.require (/usr/lib/node_modules/pm2/node_modules/require-in-the-middle/index.js:80:39)
2021-10-14T13:15:32:     at require (internal/modules/cjs/helpers.js:93:18)
2021-10-14T13:15:32:     at Object.<anonymous> (/home/spinalcom/Desktop/apps/organs/spinal-organ-bacnet/src/utilities/Functions.ts:11:1)
2021-10-14T13:15:32: TypeError: Cannot set property 'discoverQueue' of undefined
2021-10-14T13:15:32:     at /home/spinalcom/Desktop/apps/organs/spinal-organ-bacnet/src/modules/SpinalDiscover.ts:13:22
2021-10-14T13:15:32:     at Object.<anonymous> (/home/spinalcom/Desktop/apps/organs/spinal-organ-bacnet/src/modules/SpinalDiscover.ts:38:3)
2021-10-14T13:15:32:     at Module._compile (internal/modules/cjs/loader.js:1085:14)
2021-10-14T13:15:32:     at Object.Module._extensions..js (internal/modules/cjs/loader.js:1114:10)
2021-10-14T13:15:32:     at Module.load (internal/modules/cjs/loader.js:950:32)
2021-10-14T13:15:32:     at Function.Module._load (internal/modules/cjs/loader.js:790:12)
2021-10-14T13:15:32:     at Module.require (internal/modules/cjs/loader.js:974:19)
2021-10-14T13:15:32:     at Module.Hook._require.Module.require (/usr/lib/node_modules/pm2/node_modules/require-in-the-middle/index.js:80:39)
2021-10-14T13:15:32:     at require (internal/modules/cjs/helpers.js:93:18)
2021-10-14T13:15:32:     at Object.<anonymous> (/home/spinalcom/Desktop/apps/organs/spinal-organ-bacnet/src/utilities/Functions.ts:11:1)
2021-10-14T13:15:32: TypeError: Cannot set property 'discoverQueue' of undefined
2021-10-14T13:15:32:     at /home/spinalcom/Desktop/apps/organs/spinal-organ-bacnet/src/modules/SpinalDiscover.ts:13:22
2021-10-14T13:15:32:     at Object.<anonymous> (/home/spinalcom/Desktop/apps/organs/spinal-organ-bacnet/src/modules/SpinalDiscover.ts:38:3)
2021-10-14T13:15:32:     at Module._compile (internal/modules/cjs/loader.js:1085:14)
2021-10-14T13:15:32:     at Object.Module._extensions..js (internal/modules/cjs/loader.js:1114:10)
2021-10-14T13:15:32:     at Module.load (internal/modules/cjs/loader.js:950:32)
2021-10-14T13:15:32:     at Function.Module._load (internal/modules/cjs/loader.js:790:12)
2021-10-14T13:15:32:     at Module.require (internal/modules/cjs/loader.js:974:19)
2021-10-14T13:15:32:     at Module.Hook._require.Module.require (/usr/lib/node_modules/pm2/node_modules/require-in-the-middle/index.js:80:39)
2021-10-14T13:15:32:     at require (internal/modules/cjs/helpers.js:93:18)
2021-10-14T13:15:32:     at Object.<anonymous> (/home/spinalcom/Desktop/apps/organs/spinal-organ-bacnet/src/utilities/Functions.ts:11:1)
2021-10-14T13:15:33: TypeError: Cannot set property 'discoverQueue' of undefined
2021-10-14T13:15:33:     at /home/spinalcom/Desktop/apps/organs/spinal-organ-bacnet/src/modules/SpinalDiscover.ts:13:22
2021-10-14T13:15:33:     at Object.<anonymous> (/home/spinalcom/Desktop/apps/organs/spinal-organ-bacnet/src/modules/SpinalDiscover.ts:38:3)
2021-10-14T13:15:33:     at Module._compile (internal/modules/cjs/loader.js:1085:14)
2021-10-14T13:15:33:     at Object.Module._extensions..js (internal/modules/cjs/loader.js:1114:10)
2021-10-14T13:15:33:     at Module.load (internal/modules/cjs/loader.js:950:32)
2021-10-14T13:15:33:     at Function.Module._load (internal/modules/cjs/loader.js:790:12)
2021-10-14T13:15:33:     at Module.require (internal/modules/cjs/loader.js:974:19)
2021-10-14T13:15:33:     at Module.Hook._require.Module.require (/usr/lib/node_modules/pm2/node_modules/require-in-the-middle/index.js:80:39)
2021-10-14T13:15:33:     at require (internal/modules/cjs/helpers.js:93:18)
2021-10-14T13:15:33:     at Object.<anonymous> (/home/spinalcom/Desktop/apps/organs/spinal-organ-bacnet/src/utilities/Functions.ts:11:1)
2021-10-14T13:15:33: TypeError: Cannot set property 'discoverQueue' of undefined
2021-10-14T13:15:33:     at /home/spinalcom/Desktop/apps/organs/spinal-organ-bacnet/src/modules/SpinalDiscover.ts:13:22
2021-10-14T13:15:33:     at Object.<anonymous> (/home/spinalcom/Desktop/apps/organs/spinal-organ-bacnet/src/modules/SpinalDiscover.ts:38:3)
2021-10-14T13:15:33:     at Module._compile (internal/modules/cjs/loader.js:1085:14)
2021-10-14T13:15:33:     at Object.Module._extensions..js (internal/modules/cjs/loader.js:1114:10)
2021-10-14T13:15:33:     at Module.load (internal/modules/cjs/loader.js:950:32)
2021-10-14T13:15:33:     at Function.Module._load (internal/modules/cjs/loader.js:790:12)
2021-10-14T13:15:33:     at Module.require (internal/modules/cjs/loader.js:974:19)
2021-10-14T13:15:33:     at Module.Hook._require.Module.require (/usr/lib/node_modules/pm2/node_modules/require-in-the-middle/index.js:80:39)
2021-10-14T13:15:33:     at require (internal/modules/cjs/helpers.js:93:18)
2021-10-14T13:15:33:     at Object.<anonymous> (/home/spinalcom/Desktop/apps/organs/spinal-organ-bacnet/src/utilities/Functions.ts:11:1)
2021-10-14T13:15:33: TypeError: Cannot set property 'discoverQueue' of undefined
2021-10-14T13:15:33:     at /home/spinalcom/Desktop/apps/organs/spinal-organ-bacnet/src/modules/SpinalDiscover.ts:13:22
2021-10-14T13:15:33:     at Object.<anonymous> (/home/spinalcom/Desktop/apps/organs/spinal-organ-bacnet/src/modules/SpinalDiscover.ts:38:3)
2021-10-14T13:15:33:     at Module._compile (internal/modules/cjs/loader.js:1085:14)
2021-10-14T13:15:33:     at Object.Module._extensions..js (internal/modules/cjs/loader.js:1114:10)
2021-10-14T13:15:33:     at Module.load (internal/modules/cjs/loader.js:950:32)
2021-10-14T13:15:33:     at Function.Module._load (internal/modules/cjs/loader.js:790:12)
2021-10-14T13:15:33:     at Module.require (internal/modules/cjs/loader.js:974:19)
2021-10-14T13:15:33:     at Module.Hook._require.Module.require (/usr/lib/node_modules/pm2/node_modules/require-in-the-middle/index.js:80:39)
2021-10-14T13:15:33:     at require (internal/modules/cjs/helpers.js:93:18)
2021-10-14T13:15:33:     at Object.<anonymous> (/home/spinalcom/Desktop/apps/organs/spinal-organ-bacnet/src/utilities/Functions.ts:11:1)
2021-10-14T13:15:33: TypeError: Cannot set property 'discoverQueue' of undefined
2021-10-14T13:15:33:     at /home/spinalcom/Desktop/apps/organs/spinal-organ-bacnet/src/modules/SpinalDiscover.ts:13:22
2021-10-14T13:15:33:     at Object.<anonymous> (/home/spinalcom/Desktop/apps/organs/spinal-organ-bacnet/src/modules/SpinalDiscover.ts:38:3)
2021-10-14T13:15:33:     at Module._compile (internal/modules/cjs/loader.js:1085:14)
2021-10-14T13:15:33:     at Object.Module._extensions..js (internal/modules/cjs/loader.js:1114:10)
2021-10-14T13:15:33:     at Module.load (internal/modules/cjs/loader.js:950:32)
2021-10-14T13:15:33:     at Function.Module._load (internal/modules/cjs/loader.js:790:12)
2021-10-14T13:15:33:     at Module.require (internal/modules/cjs/loader.js:974:19)
2021-10-14T13:15:33:     at Module.Hook._require.Module.require (/usr/lib/node_modules/pm2/node_modules/require-in-the-middle/index.js:80:39)
2021-10-14T13:15:33:     at require (internal/modules/cjs/helpers.js:93:18)
2021-10-14T13:15:33:     at Object.<anonymous> (/home/spinalcom/Desktop/apps/organs/spinal-organ-bacnet/src/utilities/Functions.ts:11:1)
2021-10-14T13:15:33: TypeError: Cannot set property 'discoverQueue' of undefined
2021-10-14T13:15:33:     at /home/spinalcom/Desktop/apps/organs/spinal-organ-bacnet/src/modules/SpinalDiscover.ts:13:22
2021-10-14T13:15:33:     at Object.<anonymous> (/home/spinalcom/Desktop/apps/organs/spinal-organ-bacnet/src/modules/SpinalDiscover.ts:38:3)
2021-10-14T13:15:33:     at Module._compile (internal/modules/cjs/loader.js:1085:14)
2021-10-14T13:15:33:     at Object.Module._extensions..js (internal/modules/cjs/loader.js:1114:10)
2021-10-14T13:15:33:     at Module.load (internal/modules/cjs/loader.js:950:32)
2021-10-14T13:15:33:     at Function.Module._load (internal/modules/cjs/loader.js:790:12)
2021-10-14T13:15:33:     at Module.require (internal/modules/cjs/loader.js:974:19)
2021-10-14T13:15:33:     at Module.Hook._require.Module.require (/usr/lib/node_modules/pm2/node_modules/require-in-the-middle/index.js:80:39)
2021-10-14T13:15:33:     at require (internal/modules/cjs/helpers.js:93:18)
2021-10-14T13:15:33:     at Object.<anonymous> (/home/spinalcom/Desktop/apps/organs/spinal-organ-bacnet/src/utilities/Functions.ts:11:1)
2021-10-14T13:15:34: TypeError: Cannot set property 'discoverQueue' of undefined
2021-10-14T13:15:34:     at /home/spinalcom/Desktop/apps/organs/spinal-organ-bacnet/src/modules/SpinalDiscover.ts:13:22
2021-10-14T13:15:34:     at Object.<anonymous> (/home/spinalcom/Desktop/apps/organs/spinal-organ-bacnet/src/modules/SpinalDiscover.ts:38:3)
2021-10-14T13:15:34:     at Module._compile (internal/modules/cjs/loader.js:1085:14)
2021-10-14T13:15:34:     at Object.Module._extensions..js (internal/modules/cjs/loader.js:1114:10)
2021-10-14T13:15:34:     at Module.load (internal/modules/cjs/loader.js:950:32)
2021-10-14T13:15:34:     at Function.Module._load (internal/modules/cjs/loader.js:790:12)
2021-10-14T13:15:34:     at Module.require (internal/modules/cjs/loader.js:974:19)
2021-10-14T13:15:34:     at Module.Hook._require.Module.require (/usr/lib/node_modules/pm2/node_modules/require-in-the-middle/index.js:80:39)
2021-10-14T13:15:34:     at require (internal/modules/cjs/helpers.js:93:18)
2021-10-14T13:15:34:     at Object.<anonymous> (/home/spinalcom/Desktop/apps/organs/spinal-organ-bacnet/src/utilities/Functions.ts:11:1)
2021-10-14T13:15:34: TypeError: Cannot set property 'discoverQueue' of undefined
2021-10-14T13:15:34:     at /home/spinalcom/Desktop/apps/organs/spinal-organ-bacnet/src/modules/SpinalDiscover.ts:13:22
2021-10-14T13:15:34:     at Object.<anonymous> (/home/spinalcom/Desktop/apps/organs/spinal-organ-bacnet/src/modules/SpinalDiscover.ts:38:3)
2021-10-14T13:15:34:     at Module._compile (internal/modules/cjs/loader.js:1085:14)
2021-10-14T13:15:34:     at Object.Module._extensions..js (internal/modules/cjs/loader.js:1114:10)
2021-10-14T13:15:34:     at Module.load (internal/modules/cjs/loader.js:950:32)
2021-10-14T13:15:34:     at Function.Module._load (internal/modules/cjs/loader.js:790:12)
2021-10-14T13:15:34:     at Module.require (internal/modules/cjs/loader.js:974:19)
2021-10-14T13:15:34:     at Module.Hook._require.Module.require (/usr/lib/node_modules/pm2/node_modules/require-in-the-middle/index.js:80:39)
2021-10-14T13:15:34:     at require (internal/modules/cjs/helpers.js:93:18)
2021-10-14T13:15:34:     at Object.<anonymous> (/home/spinalcom/Desktop/apps/organs/spinal-organ-bacnet/src/utilities/Functions.ts:11:1)
2021-10-14T13:15:34: TypeError: Cannot set property 'discoverQueue' of undefined
2021-10-14T13:15:34:     at /home/spinalcom/Desktop/apps/organs/spinal-organ-bacnet/src/modules/SpinalDiscover.ts:13:22
2021-10-14T13:15:34:     at Object.<anonymous> (/home/spinalcom/Desktop/apps/organs/spinal-organ-bacnet/src/modules/SpinalDiscover.ts:38:3)
2021-10-14T13:15:34:     at Module._compile (internal/modules/cjs/loader.js:1085:14)
2021-10-14T13:15:34:     at Object.Module._extensions..js (internal/modules/cjs/loader.js:1114:10)
2021-10-14T13:15:34:     at Module.load (internal/modules/cjs/loader.js:950:32)
2021-10-14T13:15:34:     at Function.Module._load (internal/modules/cjs/loader.js:790:12)
2021-10-14T13:15:34:     at Module.require (internal/modules/cjs/loader.js:974:19)
2021-10-14T13:15:34:     at Module.Hook._require.Module.require (/usr/lib/node_modules/pm2/node_modules/require-in-the-middle/index.js:80:39)
2021-10-14T13:15:34:     at require (internal/modules/cjs/helpers.js:93:18)
2021-10-14T13:15:34:     at Object.<anonymous> (/home/spinalcom/Desktop/apps/organs/spinal-organ-bacnet/src/utilities/Functions.ts:11:1)
2021-10-14T13:15:34: TypeError: Cannot set property 'discoverQueue' of undefined
2021-10-14T13:15:34:     at /home/spinalcom/Desktop/apps/organs/spinal-organ-bacnet/src/modules/SpinalDiscover.ts:13:22
2021-10-14T13:15:34:     at Object.<anonymous> (/home/spinalcom/Desktop/apps/organs/spinal-organ-bacnet/src/modules/SpinalDiscover.ts:38:3)
2021-10-14T13:15:34:     at Module._compile (internal/modules/cjs/loader.js:1085:14)
2021-10-14T13:15:34:     at Object.Module._extensions..js (internal/modules/cjs/loader.js:1114:10)
2021-10-14T13:15:34:     at Module.load (internal/modules/cjs/loader.js:950:32)
2021-10-14T13:15:34:     at Function.Module._load (internal/modules/cjs/loader.js:790:12)
2021-10-14T13:15:34:     at Module.require (internal/modules/cjs/loader.js:974:19)
2021-10-14T13:15:34:     at Module.Hook._require.Module.require (/usr/lib/node_modules/pm2/node_modules/require-in-the-middle/index.js:80:39)
2021-10-14T13:15:34:     at require (internal/modules/cjs/helpers.js:93:18)
2021-10-14T13:15:34:     at Object.<anonymous> (/home/spinalcom/Desktop/apps/organs/spinal-organ-bacnet/src/utilities/Functions.ts:11:1)
2021-10-14T13:15:34: TypeError: Cannot set property 'discoverQueue' of undefined
2021-10-14T13:15:34:     at /home/spinalcom/Desktop/apps/organs/spinal-organ-bacnet/src/modules/SpinalDiscover.ts:13:22
2021-10-14T13:15:34:     at Object.<anonymous> (/home/spinalcom/Desktop/apps/organs/spinal-organ-bacnet/src/modules/SpinalDiscover.ts:38:3)
2021-10-14T13:15:34:     at Module._compile (internal/modules/cjs/loader.js:1085:14)
2021-10-14T13:15:34:     at Object.Module._extensions..js (internal/modules/cjs/loader.js:1114:10)
2021-10-14T13:15:34:     at Module.load (internal/modules/cjs/loader.js:950:32)
2021-10-14T13:15:34:     at Function.Module._load (internal/modules/cjs/loader.js:790:12)
2021-10-14T13:15:34:     at Module.require (internal/modules/cjs/loader.js:974:19)
2021-10-14T13:15:34:     at Module.Hook._require.Module.require (/usr/lib/node_modules/pm2/node_modules/require-in-the-middle/index.js:80:39)
2021-10-14T13:15:34:     at require (internal/modules/cjs/helpers.js:93:18)
2021-10-14T13:15:34:     at Object.<anonymous> (/home/spinalcom/Desktop/apps/organs/spinal-organ-bacnet/src/utilities/Functions.ts:11:1)
2021-10-14T13:16:03: TypeError: Cannot set property 'discoverQueue' of undefined
2021-10-14T13:16:03:     at /home/spinalcom/Desktop/apps/organs/spinal-organ-bacnet/src/modules/SpinalDiscover.ts:13:22
2021-10-14T13:16:03:     at Object.<anonymous> (/home/spinalcom/Desktop/apps/organs/spinal-organ-bacnet/src/modules/SpinalDiscover.ts:38:3)
2021-10-14T13:16:03:     at Module._compile (internal/modules/cjs/loader.js:1085:14)
2021-10-14T13:16:03:     at Object.Module._extensions..js (internal/modules/cjs/loader.js:1114:10)
2021-10-14T13:16:03:     at Module.load (internal/modules/cjs/loader.js:950:32)
2021-10-14T13:16:03:     at Function.Module._load (internal/modules/cjs/loader.js:790:12)
2021-10-14T13:16:03:     at Module.require (internal/modules/cjs/loader.js:974:19)
2021-10-14T13:16:03:     at Module.Hook._require.Module.require (/usr/lib/node_modules/pm2/node_modules/require-in-the-middle/index.js:80:39)
2021-10-14T13:16:03:     at require (internal/modules/cjs/helpers.js:93:18)
2021-10-14T13:16:03:     at Object.<anonymous> (/home/spinalcom/Desktop/apps/organs/spinal-organ-bacnet/src/utilities/Functions.ts:11:1)
2021-10-14T13:16:04: TypeError: Cannot set property 'discoverQueue' of undefined
2021-10-14T13:16:04:     at /home/spinalcom/Desktop/apps/organs/spinal-organ-bacnet/src/modules/SpinalDiscover.ts:13:22
2021-10-14T13:16:04:     at Object.<anonymous> (/home/spinalcom/Desktop/apps/organs/spinal-organ-bacnet/src/modules/SpinalDiscover.ts:38:3)
2021-10-14T13:16:04:     at Module._compile (internal/modules/cjs/loader.js:1085:14)
2021-10-14T13:16:04:     at Object.Module._extensions..js (internal/modules/cjs/loader.js:1114:10)
2021-10-14T13:16:04:     at Module.load (internal/modules/cjs/loader.js:950:32)
2021-10-14T13:16:04:     at Function.Module._load (internal/modules/cjs/loader.js:790:12)
2021-10-14T13:16:04:     at Module.require (internal/modules/cjs/loader.js:974:19)
2021-10-14T13:16:04:     at Module.Hook._require.Module.require (/usr/lib/node_modules/pm2/node_modules/require-in-the-middle/index.js:80:39)
2021-10-14T13:16:04:     at require (internal/modules/cjs/helpers.js:93:18)
2021-10-14T13:16:04:     at Object.<anonymous> (/home/spinalcom/Desktop/apps/organs/spinal-organ-bacnet/src/utilities/Functions.ts:11:1)
2021-10-14T13:16:04: TypeError: Cannot set property 'discoverQueue' of undefined
2021-10-14T13:16:04:     at /home/spinalcom/Desktop/apps/organs/spinal-organ-bacnet/src/modules/SpinalDiscover.ts:13:22
2021-10-14T13:16:04:     at Object.<anonymous> (/home/spinalcom/Desktop/apps/organs/spinal-organ-bacnet/src/modules/SpinalDiscover.ts:38:3)
2021-10-14T13:16:04:     at Module._compile (internal/modules/cjs/loader.js:1085:14)
2021-10-14T13:16:04:     at Object.Module._extensions..js (internal/modules/cjs/loader.js:1114:10)
2021-10-14T13:16:04:     at Module.load (internal/modules/cjs/loader.js:950:32)
2021-10-14T13:16:04:     at Function.Module._load (internal/modules/cjs/loader.js:790:12)
2021-10-14T13:16:04:     at Module.require (internal/modules/cjs/loader.js:974:19)
2021-10-14T13:16:04:     at Module.Hook._require.Module.require (/usr/lib/node_modules/pm2/node_modules/require-in-the-middle/index.js:80:39)
2021-10-14T13:16:04:     at require (internal/modules/cjs/helpers.js:93:18)
2021-10-14T13:16:04:     at Object.<anonymous> (/home/spinalcom/Desktop/apps/organs/spinal-organ-bacnet/src/utilities/Functions.ts:11:1)
2021-10-14T13:16:04: TypeError: Cannot set property 'discoverQueue' of undefined
2021-10-14T13:16:04:     at /home/spinalcom/Desktop/apps/organs/spinal-organ-bacnet/src/modules/SpinalDiscover.ts:13:22
2021-10-14T13:16:04:     at Object.<anonymous> (/home/spinalcom/Desktop/apps/organs/spinal-organ-bacnet/src/modules/SpinalDiscover.ts:38:3)
2021-10-14T13:16:04:     at Module._compile (internal/modules/cjs/loader.js:1085:14)
2021-10-14T13:16:04:     at Object.Module._extensions..js (internal/modules/cjs/loader.js:1114:10)
2021-10-14T13:16:04:     at Module.load (internal/modules/cjs/loader.js:950:32)
2021-10-14T13:16:04:     at Function.Module._load (internal/modules/cjs/loader.js:790:12)
2021-10-14T13:16:04:     at Module.require (internal/modules/cjs/loader.js:974:19)
2021-10-14T13:16:04:     at Module.Hook._require.Module.require (/usr/lib/node_modules/pm2/node_modules/require-in-the-middle/index.js:80:39)
2021-10-14T13:16:04:     at require (internal/modules/cjs/helpers.js:93:18)
2021-10-14T13:16:04:     at Object.<anonymous> (/home/spinalcom/Desktop/apps/organs/spinal-organ-bacnet/src/utilities/Functions.ts:11:1)
2021-10-14T13:16:04: TypeError: Cannot set property 'discoverQueue' of undefined
2021-10-14T13:16:04:     at /home/spinalcom/Desktop/apps/organs/spinal-organ-bacnet/src/modules/SpinalDiscover.ts:13:22
2021-10-14T13:16:04:     at Object.<anonymous> (/home/spinalcom/Desktop/apps/organs/spinal-organ-bacnet/src/modules/SpinalDiscover.ts:38:3)
2021-10-14T13:16:04:     at Module._compile (internal/modules/cjs/loader.js:1085:14)
2021-10-14T13:16:04:     at Object.Module._extensions..js (internal/modules/cjs/loader.js:1114:10)
2021-10-14T13:16:04:     at Module.load (internal/modules/cjs/loader.js:950:32)
2021-10-14T13:16:04:     at Function.Module._load (internal/modules/cjs/loader.js:790:12)
2021-10-14T13:16:04:     at Module.require (internal/modules/cjs/loader.js:974:19)
2021-10-14T13:16:04:     at Module.Hook._require.Module.require (/usr/lib/node_modules/pm2/node_modules/require-in-the-middle/index.js:80:39)
2021-10-14T13:16:04:     at require (internal/modules/cjs/helpers.js:93:18)
2021-10-14T13:16:04:     at Object.<anonymous> (/home/spinalcom/Desktop/apps/organs/spinal-organ-bacnet/src/utilities/Functions.ts:11:1)
2021-10-14T13:16:04: TypeError: Cannot set property 'discoverQueue' of undefined
2021-10-14T13:16:04:     at /home/spinalcom/Desktop/apps/organs/spinal-organ-bacnet/src/modules/SpinalDiscover.ts:13:22
2021-10-14T13:16:04:     at Object.<anonymous> (/home/spinalcom/Desktop/apps/organs/spinal-organ-bacnet/src/modules/SpinalDiscover.ts:38:3)
2021-10-14T13:16:04:     at Module._compile (internal/modules/cjs/loader.js:1085:14)
2021-10-14T13:16:04:     at Object.Module._extensions..js (internal/modules/cjs/loader.js:1114:10)
2021-10-14T13:16:04:     at Module.load (internal/modules/cjs/loader.js:950:32)
2021-10-14T13:16:04:     at Function.Module._load (internal/modules/cjs/loader.js:790:12)
2021-10-14T13:16:04:     at Module.require (internal/modules/cjs/loader.js:974:19)
2021-10-14T13:16:04:     at Module.Hook._require.Module.require (/usr/lib/node_modules/pm2/node_modules/require-in-the-middle/index.js:80:39)
2021-10-14T13:16:04:     at require (internal/modules/cjs/helpers.js:93:18)
2021-10-14T13:16:04:     at Object.<anonymous> (/home/spinalcom/Desktop/apps/organs/spinal-organ-bacnet/src/utilities/Functions.ts:11:1)
2021-10-14T13:16:05: TypeError: Cannot set property 'discoverQueue' of undefined
2021-10-14T13:16:05:     at /home/spinalcom/Desktop/apps/organs/spinal-organ-bacnet/src/modules/SpinalDiscover.ts:13:22
2021-10-14T13:16:05:     at Object.<anonymous> (/home/spinalcom/Desktop/apps/organs/spinal-organ-bacnet/src/modules/SpinalDiscover.ts:38:3)
2021-10-14T13:16:05:     at Module._compile (internal/modules/cjs/loader.js:1085:14)
2021-10-14T13:16:05:     at Object.Module._extensions..js (internal/modules/cjs/loader.js:1114:10)
2021-10-14T13:16:05:     at Module.load (internal/modules/cjs/loader.js:950:32)
2021-10-14T13:16:05:     at Function.Module._load (internal/modules/cjs/loader.js:790:12)
2021-10-14T13:16:05:     at Module.require (internal/modules/cjs/loader.js:974:19)
2021-10-14T13:16:05:     at Module.Hook._require.Module.require (/usr/lib/node_modules/pm2/node_modules/require-in-the-middle/index.js:80:39)
2021-10-14T13:16:05:     at require (internal/modules/cjs/helpers.js:93:18)
2021-10-14T13:16:05:     at Object.<anonymous> (/home/spinalcom/Desktop/apps/organs/spinal-organ-bacnet/src/utilities/Functions.ts:11:1)
2021-10-14T13:16:05: TypeError: Cannot set property 'discoverQueue' of undefined
2021-10-14T13:16:05:     at /home/spinalcom/Desktop/apps/organs/spinal-organ-bacnet/src/modules/SpinalDiscover.ts:13:22
2021-10-14T13:16:05:     at Object.<anonymous> (/home/spinalcom/Desktop/apps/organs/spinal-organ-bacnet/src/modules/SpinalDiscover.ts:38:3)
2021-10-14T13:16:05:     at Module._compile (internal/modules/cjs/loader.js:1085:14)
2021-10-14T13:16:05:     at Object.Module._extensions..js (internal/modules/cjs/loader.js:1114:10)
2021-10-14T13:16:05:     at Module.load (internal/modules/cjs/loader.js:950:32)
2021-10-14T13:16:05:     at Function.Module._load (internal/modules/cjs/loader.js:790:12)
2021-10-14T13:16:05:     at Module.require (internal/modules/cjs/loader.js:974:19)
2021-10-14T13:16:05:     at Module.Hook._require.Module.require (/usr/lib/node_modules/pm2/node_modules/require-in-the-middle/index.js:80:39)
2021-10-14T13:16:05:     at require (internal/modules/cjs/helpers.js:93:18)
2021-10-14T13:16:05:     at Object.<anonymous> (/home/spinalcom/Desktop/apps/organs/spinal-organ-bacnet/src/utilities/Functions.ts:11:1)
2021-10-14T13:16:05: TypeError: Cannot set property 'discoverQueue' of undefined
2021-10-14T13:16:05:     at /home/spinalcom/Desktop/apps/organs/spinal-organ-bacnet/src/modules/SpinalDiscover.ts:13:22
2021-10-14T13:16:05:     at Object.<anonymous> (/home/spinalcom/Desktop/apps/organs/spinal-organ-bacnet/src/modules/SpinalDiscover.ts:38:3)
2021-10-14T13:16:05:     at Module._compile (internal/modules/cjs/loader.js:1085:14)
2021-10-14T13:16:05:     at Object.Module._extensions..js (internal/modules/cjs/loader.js:1114:10)
2021-10-14T13:16:05:     at Module.load (internal/modules/cjs/loader.js:950:32)
2021-10-14T13:16:05:     at Function.Module._load (internal/modules/cjs/loader.js:790:12)
2021-10-14T13:16:05:     at Module.require (internal/modules/cjs/loader.js:974:19)
2021-10-14T13:16:05:     at Module.Hook._require.Module.require (/usr/lib/node_modules/pm2/node_modules/require-in-the-middle/index.js:80:39)
2021-10-14T13:16:05:     at require (internal/modules/cjs/helpers.js:93:18)
2021-10-14T13:16:05:     at Object.<anonymous> (/home/spinalcom/Desktop/apps/organs/spinal-organ-bacnet/src/utilities/Functions.ts:11:1)
2021-10-14T13:16:05: TypeError: Cannot set property 'discoverQueue' of undefined
2021-10-14T13:16:05:     at /home/spinalcom/Desktop/apps/organs/spinal-organ-bacnet/src/modules/SpinalDiscover.ts:13:22
2021-10-14T13:16:05:     at Object.<anonymous> (/home/spinalcom/Desktop/apps/organs/spinal-organ-bacnet/src/modules/SpinalDiscover.ts:38:3)
2021-10-14T13:16:05:     at Module._compile (internal/modules/cjs/loader.js:1085:14)
2021-10-14T13:16:05:     at Object.Module._extensions..js (internal/modules/cjs/loader.js:1114:10)
2021-10-14T13:16:05:     at Module.load (internal/modules/cjs/loader.js:950:32)
2021-10-14T13:16:05:     at Function.Module._load (internal/modules/cjs/loader.js:790:12)
2021-10-14T13:16:05:     at Module.require (internal/modules/cjs/loader.js:974:19)
2021-10-14T13:16:05:     at Module.Hook._require.Module.require (/usr/lib/node_modules/pm2/node_modules/require-in-the-middle/index.js:80:39)
2021-10-14T13:16:05:     at require (internal/modules/cjs/helpers.js:93:18)
2021-10-14T13:16:05:     at Object.<anonymous> (/home/spinalcom/Desktop/apps/organs/spinal-organ-bacnet/src/utilities/Functions.ts:11:1)
2021-10-14T13:16:05: TypeError: Cannot set property 'discoverQueue' of undefined
2021-10-14T13:16:05:     at /home/spinalcom/Desktop/apps/organs/spinal-organ-bacnet/src/modules/SpinalDiscover.ts:13:22
2021-10-14T13:16:05:     at Object.<anonymous> (/home/spinalcom/Desktop/apps/organs/spinal-organ-bacnet/src/modules/SpinalDiscover.ts:38:3)
2021-10-14T13:16:05:     at Module._compile (internal/modules/cjs/loader.js:1085:14)
2021-10-14T13:16:05:     at Object.Module._extensions..js (internal/modules/cjs/loader.js:1114:10)
2021-10-14T13:16:05:     at Module.load (internal/modules/cjs/loader.js:950:32)
2021-10-14T13:16:05:     at Function.Module._load (internal/modules/cjs/loader.js:790:12)
2021-10-14T13:16:05:     at Module.require (internal/modules/cjs/loader.js:974:19)
2021-10-14T13:16:05:     at Module.Hook._require.Module.require (/usr/lib/node_modules/pm2/node_modules/require-in-the-middle/index.js:80:39)
2021-10-14T13:16:05:     at require (internal/modules/cjs/helpers.js:93:18)
2021-10-14T13:16:05:     at Object.<anonymous> (/home/spinalcom/Desktop/apps/organs/spinal-organ-bacnet/src/utilities/Functions.ts:11:1)
2021-10-14T13:16:06: TypeError: Cannot set property 'discoverQueue' of undefined
2021-10-14T13:16:06:     at /home/spinalcom/Desktop/apps/organs/spinal-organ-bacnet/src/modules/SpinalDiscover.ts:13:22
2021-10-14T13:16:06:     at Object.<anonymous> (/home/spinalcom/Desktop/apps/organs/spinal-organ-bacnet/src/modules/SpinalDiscover.ts:38:3)
2021-10-14T13:16:06:     at Module._compile (internal/modules/cjs/loader.js:1085:14)
2021-10-14T13:16:06:     at Object.Module._extensions..js (internal/modules/cjs/loader.js:1114:10)
2021-10-14T13:16:06:     at Module.load (internal/modules/cjs/loader.js:950:32)
2021-10-14T13:16:06:     at Function.Module._load (internal/modules/cjs/loader.js:790:12)
2021-10-14T13:16:06:     at Module.require (internal/modules/cjs/loader.js:974:19)
2021-10-14T13:16:06:     at Module.Hook._require.Module.require (/usr/lib/node_modules/pm2/node_modules/require-in-the-middle/index.js:80:39)
2021-10-14T13:16:06:     at require (internal/modules/cjs/helpers.js:93:18)
2021-10-14T13:16:06:     at Object.<anonymous> (/home/spinalcom/Desktop/apps/organs/spinal-organ-bacnet/src/utilities/Functions.ts:11:1)
2021-10-14T13:16:06: TypeError: Cannot set property 'discoverQueue' of undefined
2021-10-14T13:16:06:     at /home/spinalcom/Desktop/apps/organs/spinal-organ-bacnet/src/modules/SpinalDiscover.ts:13:22
2021-10-14T13:16:06:     at Object.<anonymous> (/home/spinalcom/Desktop/apps/organs/spinal-organ-bacnet/src/modules/SpinalDiscover.ts:38:3)
2021-10-14T13:16:06:     at Module._compile (internal/modules/cjs/loader.js:1085:14)
2021-10-14T13:16:06:     at Object.Module._extensions..js (internal/modules/cjs/loader.js:1114:10)
2021-10-14T13:16:06:     at Module.load (internal/modules/cjs/loader.js:950:32)
2021-10-14T13:16:06:     at Function.Module._load (internal/modules/cjs/loader.js:790:12)
2021-10-14T13:16:06:     at Module.require (internal/modules/cjs/loader.js:974:19)
2021-10-14T13:16:06:     at Module.Hook._require.Module.require (/usr/lib/node_modules/pm2/node_modules/require-in-the-middle/index.js:80:39)
2021-10-14T13:16:06:     at require (internal/modules/cjs/helpers.js:93:18)
2021-10-14T13:16:06:     at Object.<anonymous> (/home/spinalcom/Desktop/apps/organs/spinal-organ-bacnet/src/utilities/Functions.ts:11:1)
2021-10-14T13:16:06: TypeError: Cannot set property 'discoverQueue' of undefined
2021-10-14T13:16:06:     at /home/spinalcom/Desktop/apps/organs/spinal-organ-bacnet/src/modules/SpinalDiscover.ts:13:22
2021-10-14T13:16:06:     at Object.<anonymous> (/home/spinalcom/Desktop/apps/organs/spinal-organ-bacnet/src/modules/SpinalDiscover.ts:38:3)
2021-10-14T13:16:06:     at Module._compile (internal/modules/cjs/loader.js:1085:14)
2021-10-14T13:16:06:     at Object.Module._extensions..js (internal/modules/cjs/loader.js:1114:10)
2021-10-14T13:16:06:     at Module.load (internal/modules/cjs/loader.js:950:32)
2021-10-14T13:16:06:     at Function.Module._load (internal/modules/cjs/loader.js:790:12)
2021-10-14T13:16:06:     at Module.require (internal/modules/cjs/loader.js:974:19)
2021-10-14T13:16:06:     at Module.Hook._require.Module.require (/usr/lib/node_modules/pm2/node_modules/require-in-the-middle/index.js:80:39)
2021-10-14T13:16:06:     at require (internal/modules/cjs/helpers.js:93:18)
2021-10-14T13:16:06:     at Object.<anonymous> (/home/spinalcom/Desktop/apps/organs/spinal-organ-bacnet/src/utilities/Functions.ts:11:1)
2021-10-14T13:16:06: TypeError: Cannot set property 'discoverQueue' of undefined
2021-10-14T13:16:06:     at /home/spinalcom/Desktop/apps/organs/spinal-organ-bacnet/src/modules/SpinalDiscover.ts:13:22
2021-10-14T13:16:06:     at Object.<anonymous> (/home/spinalcom/Desktop/apps/organs/spinal-organ-bacnet/src/modules/SpinalDiscover.ts:38:3)
2021-10-14T13:16:06:     at Module._compile (internal/modules/cjs/loader.js:1085:14)
2021-10-14T13:16:06:     at Object.Module._extensions..js (internal/modules/cjs/loader.js:1114:10)
2021-10-14T13:16:06:     at Module.load (internal/modules/cjs/loader.js:950:32)
2021-10-14T13:16:06:     at Function.Module._load (internal/modules/cjs/loader.js:790:12)
2021-10-14T13:16:06:     at Module.require (internal/modules/cjs/loader.js:974:19)
2021-10-14T13:16:06:     at Module.Hook._require.Module.require (/usr/lib/node_modules/pm2/node_modules/require-in-the-middle/index.js:80:39)
2021-10-14T13:16:06:     at require (internal/modules/cjs/helpers.js:93:18)
2021-10-14T13:16:06:     at Object.<anonymous> (/home/spinalcom/Desktop/apps/organs/spinal-organ-bacnet/src/utilities/Functions.ts:11:1)
2021-10-14T13:16:06: TypeError: Cannot set property 'discoverQueue' of undefined
2021-10-14T13:16:06:     at /home/spinalcom/Desktop/apps/organs/spinal-organ-bacnet/src/modules/SpinalDiscover.ts:13:22
2021-10-14T13:16:06:     at Object.<anonymous> (/home/spinalcom/Desktop/apps/organs/spinal-organ-bacnet/src/modules/SpinalDiscover.ts:38:3)
2021-10-14T13:16:06:     at Module._compile (internal/modules/cjs/loader.js:1085:14)
2021-10-14T13:16:06:     at Object.Module._extensions..js (internal/modules/cjs/loader.js:1114:10)
2021-10-14T13:16:06:     at Module.load (internal/modules/cjs/loader.js:950:32)
2021-10-14T13:16:06:     at Function.Module._load (internal/modules/cjs/loader.js:790:12)
2021-10-14T13:16:06:     at Module.require (internal/modules/cjs/loader.js:974:19)
2021-10-14T13:16:06:     at Module.Hook._require.Module.require (/usr/lib/node_modules/pm2/node_modules/require-in-the-middle/index.js:80:39)
2021-10-14T13:16:06:     at require (internal/modules/cjs/helpers.js:93:18)
2021-10-14T13:16:06:     at Object.<anonymous> (/home/spinalcom/Desktop/apps/organs/spinal-organ-bacnet/src/utilities/Functions.ts:11:1)
2021-11-16T16:22:34: TypeError: Cannot read property 'load' of undefined
2021-11-16T16:22:34:     at /home/spinalcom/bacnet-organs/spinal-organ-bacnet-C/src/utilities/Functions.ts:147:30
2021-11-16T16:22:34:     at Generator.next (<anonymous>)
2021-11-16T16:22:34:     at fulfilled (/home/spinalcom/bacnet-organs/spinal-organ-bacnet-C/dist/utilities/Functions.js:5:58)
2021-11-16T16:22:34:     at process._tickCallback (internal/process/next_tick.js:68:7)
2021-11-16T16:22:34: TypeError: Cannot read property 'load' of undefined
2021-11-16T16:22:34:     at /home/spinalcom/bacnet-organs/spinal-organ-bacnet-C/src/utilities/Functions.ts:147:30
2021-11-16T16:22:34:     at Generator.next (<anonymous>)
2021-11-16T16:22:34:     at fulfilled (/home/spinalcom/bacnet-organs/spinal-organ-bacnet-C/dist/utilities/Functions.js:5:58)
2021-11-16T16:22:34:     at process._tickCallback (internal/process/next_tick.js:68:7)
2021-11-16T16:22:34: TypeError: Cannot read property 'load' of undefined
2021-11-16T16:22:34:     at /home/spinalcom/bacnet-organs/spinal-organ-bacnet-C/src/utilities/Functions.ts:147:30
2021-11-16T16:22:34:     at Generator.next (<anonymous>)
2021-11-16T16:22:34:     at fulfilled (/home/spinalcom/bacnet-organs/spinal-organ-bacnet-C/dist/utilities/Functions.js:5:58)
2021-11-16T16:22:34:     at process._tickCallback (internal/process/next_tick.js:68:7)
2021-11-16T16:22:34: TypeError: Cannot read property 'load' of undefined
2021-11-16T16:22:34:     at /home/spinalcom/bacnet-organs/spinal-organ-bacnet-C/src/utilities/Functions.ts:147:30
2021-11-16T16:22:34:     at Generator.next (<anonymous>)
2021-11-16T16:22:34:     at fulfilled (/home/spinalcom/bacnet-organs/spinal-organ-bacnet-C/dist/utilities/Functions.js:5:58)
2021-11-16T16:22:34:     at process._tickCallback (internal/process/next_tick.js:68:7)
2021-11-16T16:22:34: TypeError: Cannot read property 'load' of undefined
2021-11-16T16:22:34:     at /home/spinalcom/bacnet-organs/spinal-organ-bacnet-C/src/utilities/Functions.ts:147:30
2021-11-16T16:22:34:     at Generator.next (<anonymous>)
2021-11-16T16:22:34:     at fulfilled (/home/spinalcom/bacnet-organs/spinal-organ-bacnet-C/dist/utilities/Functions.js:5:58)
2021-11-16T16:22:34:     at process._tickCallback (internal/process/next_tick.js:68:7)
2021-11-16T16:22:34: TypeError: Cannot read property 'load' of undefined
2021-11-16T16:22:34:     at /home/spinalcom/bacnet-organs/spinal-organ-bacnet-C/src/utilities/Functions.ts:147:30
2021-11-16T16:22:34:     at Generator.next (<anonymous>)
2021-11-16T16:22:34:     at fulfilled (/home/spinalcom/bacnet-organs/spinal-organ-bacnet-C/dist/utilities/Functions.js:5:58)
2021-11-16T16:22:34:     at process._tickCallback (internal/process/next_tick.js:68:7)
2021-11-16T16:22:34: TypeError: Cannot read property 'load' of undefined
2021-11-16T16:22:34:     at /home/spinalcom/bacnet-organs/spinal-organ-bacnet-C/src/utilities/Functions.ts:147:30
2021-11-16T16:22:34:     at Generator.next (<anonymous>)
2021-11-16T16:22:34:     at fulfilled (/home/spinalcom/bacnet-organs/spinal-organ-bacnet-C/dist/utilities/Functions.js:5:58)
2021-11-16T16:22:34:     at process._tickCallback (internal/process/next_tick.js:68:7)
2021-11-16T16:22:34: TypeError: Cannot read property 'load' of undefined
2021-11-16T16:22:34:     at /home/spinalcom/bacnet-organs/spinal-organ-bacnet-C/src/utilities/Functions.ts:147:30
2021-11-16T16:22:34:     at Generator.next (<anonymous>)
2021-11-16T16:22:34:     at fulfilled (/home/spinalcom/bacnet-organs/spinal-organ-bacnet-C/dist/utilities/Functions.js:5:58)
2021-11-16T16:22:34:     at process._tickCallback (internal/process/next_tick.js:68:7)
2021-11-16T16:22:34: TypeError: Cannot read property 'load' of undefined
2021-11-16T16:22:34:     at /home/spinalcom/bacnet-organs/spinal-organ-bacnet-C/src/utilities/Functions.ts:147:30
2021-11-16T16:22:34:     at Generator.next (<anonymous>)
2021-11-16T16:22:34:     at fulfilled (/home/spinalcom/bacnet-organs/spinal-organ-bacnet-C/dist/utilities/Functions.js:5:58)
2021-11-16T16:22:34:     at process._tickCallback (internal/process/next_tick.js:68:7)
2021-11-16T16:22:34: TypeError: Cannot read property 'load' of undefined
2021-11-16T16:22:34:     at /home/spinalcom/bacnet-organs/spinal-organ-bacnet-C/src/utilities/Functions.ts:147:30
2021-11-16T16:22:34:     at Generator.next (<anonymous>)
2021-11-16T16:22:34:     at fulfilled (/home/spinalcom/bacnet-organs/spinal-organ-bacnet-C/dist/utilities/Functions.js:5:58)
2021-11-16T16:22:34:     at process._tickCallback (internal/process/next_tick.js:68:7)
2021-11-16T16:22:34: TypeError: Cannot read property 'load' of undefined
2021-11-16T16:22:34:     at /home/spinalcom/bacnet-organs/spinal-organ-bacnet-C/src/utilities/Functions.ts:147:30
2021-11-16T16:22:34:     at Generator.next (<anonymous>)
2021-11-16T16:22:34:     at fulfilled (/home/spinalcom/bacnet-organs/spinal-organ-bacnet-C/dist/utilities/Functions.js:5:58)
2021-11-16T16:22:34:     at process._tickCallback (internal/process/next_tick.js:68:7)
2021-11-16T16:22:34: TypeError: Cannot read property 'load' of undefined
2021-11-16T16:22:34:     at /home/spinalcom/bacnet-organs/spinal-organ-bacnet-C/src/utilities/Functions.ts:147:30
2021-11-16T16:22:34:     at Generator.next (<anonymous>)
2021-11-16T16:22:34:     at fulfilled (/home/spinalcom/bacnet-organs/spinal-organ-bacnet-C/dist/utilities/Functions.js:5:58)
2021-11-16T16:22:34:     at process._tickCallback (internal/process/next_tick.js:68:7)
2021-11-16T16:22:34: TypeError: Cannot read property 'load' of undefined
2021-11-16T16:22:34:     at /home/spinalcom/bacnet-organs/spinal-organ-bacnet-C/src/utilities/Functions.ts:147:30
2021-11-16T16:22:34:     at Generator.next (<anonymous>)
2021-11-16T16:22:34:     at fulfilled (/home/spinalcom/bacnet-organs/spinal-organ-bacnet-C/dist/utilities/Functions.js:5:58)
2021-11-16T16:22:34:     at process._tickCallback (internal/process/next_tick.js:68:7)
2021-11-16T16:22:34: TypeError: Cannot read property 'load' of undefined
2021-11-16T16:22:34:     at /home/spinalcom/bacnet-organs/spinal-organ-bacnet-C/src/utilities/Functions.ts:147:30
2021-11-16T16:22:34:     at Generator.next (<anonymous>)
2021-11-16T16:22:34:     at fulfilled (/home/spinalcom/bacnet-organs/spinal-organ-bacnet-C/dist/utilities/Functions.js:5:58)
2021-11-16T16:22:34:     at process._tickCallback (internal/process/next_tick.js:68:7)
2021-11-16T16:22:34: TypeError: Cannot read property 'load' of undefined
2021-11-16T16:22:34:     at /home/spinalcom/bacnet-organs/spinal-organ-bacnet-C/src/utilities/Functions.ts:147:30
2021-11-16T16:22:34:     at Generator.next (<anonymous>)
2021-11-16T16:22:34:     at fulfilled (/home/spinalcom/bacnet-organs/spinal-organ-bacnet-C/dist/utilities/Functions.js:5:58)
2021-11-16T16:22:34:     at process._tickCallback (internal/process/next_tick.js:68:7)
2021-11-16T16:22:34: TypeError: Cannot read property 'load' of undefined
2021-11-16T16:22:34:     at /home/spinalcom/bacnet-organs/spinal-organ-bacnet-C/src/utilities/Functions.ts:147:30
2021-11-16T16:22:34:     at Generator.next (<anonymous>)
2021-11-16T16:22:34:     at fulfilled (/home/spinalcom/bacnet-organs/spinal-organ-bacnet-C/dist/utilities/Functions.js:5:58)
2021-11-16T16:22:34:     at process._tickCallback (internal/process/next_tick.js:68:7)
2021-11-16T16:22:34: TypeError: Cannot read property 'load' of undefined
2021-11-16T16:22:34:     at /home/spinalcom/bacnet-organs/spinal-organ-bacnet-C/src/utilities/Functions.ts:147:30
2021-11-16T16:22:34:     at Generator.next (<anonymous>)
2021-11-16T16:22:34:     at fulfilled (/home/spinalcom/bacnet-organs/spinal-organ-bacnet-C/dist/utilities/Functions.js:5:58)
2021-11-16T16:22:34:     at process._tickCallback (internal/process/next_tick.js:68:7)
2021-11-16T16:22:34: TypeError: Cannot read property 'load' of undefined
2021-11-16T16:22:34:     at /home/spinalcom/bacnet-organs/spinal-organ-bacnet-C/src/utilities/Functions.ts:147:30
2021-11-16T16:22:34:     at Generator.next (<anonymous>)
2021-11-16T16:22:34:     at fulfilled (/home/spinalcom/bacnet-organs/spinal-organ-bacnet-C/dist/utilities/Functions.js:5:58)
2021-11-16T16:22:34:     at process._tickCallback (internal/process/next_tick.js:68:7)
2021-11-16T16:22:34: TypeError: Cannot read property 'load' of undefined
2021-11-16T16:22:34:     at /home/spinalcom/bacnet-organs/spinal-organ-bacnet-C/src/utilities/Functions.ts:147:30
2021-11-16T16:22:34:     at Generator.next (<anonymous>)
2021-11-16T16:22:34:     at fulfilled (/home/spinalcom/bacnet-organs/spinal-organ-bacnet-C/dist/utilities/Functions.js:5:58)
2021-11-16T16:22:34:     at process._tickCallback (internal/process/next_tick.js:68:7)
2021-11-16T16:22:34: TypeError: Cannot read property 'load' of undefined
2021-11-16T16:22:34:     at /home/spinalcom/bacnet-organs/spinal-organ-bacnet-C/src/utilities/Functions.ts:147:30
2021-11-16T16:22:34:     at Generator.next (<anonymous>)
2021-11-16T16:22:34:     at fulfilled (/home/spinalcom/bacnet-organs/spinal-organ-bacnet-C/dist/utilities/Functions.js:5:58)
2021-11-16T16:22:34:     at process._tickCallback (internal/process/next_tick.js:68:7)
2021-11-16T16:22:34: TypeError: Cannot read property 'load' of undefined
2021-11-16T16:22:34:     at /home/spinalcom/bacnet-organs/spinal-organ-bacnet-C/src/utilities/Functions.ts:147:30
2021-11-16T16:22:34:     at Generator.next (<anonymous>)
2021-11-16T16:22:34:     at fulfilled (/home/spinalcom/bacnet-organs/spinal-organ-bacnet-C/dist/utilities/Functions.js:5:58)
2021-11-16T16:22:34:     at process._tickCallback (internal/process/next_tick.js:68:7)
2021-11-16T16:22:34: TypeError: Cannot read property 'load' of undefined
2021-11-16T16:22:34:     at /home/spinalcom/bacnet-organs/spinal-organ-bacnet-C/src/utilities/Functions.ts:147:30
2021-11-16T16:22:34:     at Generator.next (<anonymous>)
2021-11-16T16:22:34:     at fulfilled (/home/spinalcom/bacnet-organs/spinal-organ-bacnet-C/dist/utilities/Functions.js:5:58)
2021-11-16T16:22:34:     at process._tickCallback (internal/process/next_tick.js:68:7)
2021-11-16T16:22:34: TypeError: Cannot read property 'load' of undefined
2021-11-16T16:22:34:     at /home/spinalcom/bacnet-organs/spinal-organ-bacnet-C/src/utilities/Functions.ts:147:30
2021-11-16T16:22:34:     at Generator.next (<anonymous>)
2021-11-16T16:22:34:     at fulfilled (/home/spinalcom/bacnet-organs/spinal-organ-bacnet-C/dist/utilities/Functions.js:5:58)
2021-11-16T16:22:34:     at process._tickCallback (internal/process/next_tick.js:68:7)
2021-11-16T16:22:34: TypeError: Cannot read property 'load' of undefined
2021-11-16T16:22:34:     at /home/spinalcom/bacnet-organs/spinal-organ-bacnet-C/src/utilities/Functions.ts:147:30
2021-11-16T16:22:34:     at Generator.next (<anonymous>)
2021-11-16T16:22:34:     at fulfilled (/home/spinalcom/bacnet-organs/spinal-organ-bacnet-C/dist/utilities/Functions.js:5:58)
2021-11-16T16:22:34:     at process._tickCallback (internal/process/next_tick.js:68:7)
2021-11-16T16:22:34: TypeError: Cannot read property 'load' of undefined
2021-11-16T16:22:34:     at /home/spinalcom/bacnet-organs/spinal-organ-bacnet-C/src/utilities/Functions.ts:147:30
2021-11-16T16:22:34:     at Generator.next (<anonymous>)
2021-11-16T16:22:34:     at fulfilled (/home/spinalcom/bacnet-organs/spinal-organ-bacnet-C/dist/utilities/Functions.js:5:58)
2021-11-16T16:22:34:     at process._tickCallback (internal/process/next_tick.js:68:7)
2021-11-16T16:22:34: TypeError: Cannot read property 'load' of undefined
2021-11-16T16:22:34:     at /home/spinalcom/bacnet-organs/spinal-organ-bacnet-C/src/utilities/Functions.ts:147:30
2021-11-16T16:22:34:     at Generator.next (<anonymous>)
2021-11-16T16:22:34:     at fulfilled (/home/spinalcom/bacnet-organs/spinal-organ-bacnet-C/dist/utilities/Functions.js:5:58)
2021-11-16T16:22:34:     at process._tickCallback (internal/process/next_tick.js:68:7)
2021-11-16T16:22:34: TypeError: Cannot read property 'load' of undefined
2021-11-16T16:22:34:     at /home/spinalcom/bacnet-organs/spinal-organ-bacnet-C/src/utilities/Functions.ts:147:30
2021-11-16T16:22:34:     at Generator.next (<anonymous>)
2021-11-16T16:22:34:     at fulfilled (/home/spinalcom/bacnet-organs/spinal-organ-bacnet-C/dist/utilities/Functions.js:5:58)
2021-11-16T16:22:34:     at process._tickCallback (internal/process/next_tick.js:68:7)
2021-11-16T16:22:34: TypeError: Cannot read property 'load' of undefined
2021-11-16T16:22:34:     at /home/spinalcom/bacnet-organs/spinal-organ-bacnet-C/src/utilities/Functions.ts:147:30
2021-11-16T16:22:34:     at Generator.next (<anonymous>)
2021-11-16T16:22:34:     at fulfilled (/home/spinalcom/bacnet-organs/spinal-organ-bacnet-C/dist/utilities/Functions.js:5:58)
2021-11-16T16:22:34:     at process._tickCallback (internal/process/next_tick.js:68:7)
2021-11-16T16:22:34: TypeError: Cannot read property 'load' of undefined
2021-11-16T16:22:34:     at /home/spinalcom/bacnet-organs/spinal-organ-bacnet-C/src/utilities/Functions.ts:147:30
2021-11-16T16:22:34:     at Generator.next (<anonymous>)
2021-11-16T16:22:34:     at fulfilled (/home/spinalcom/bacnet-organs/spinal-organ-bacnet-C/dist/utilities/Functions.js:5:58)
2021-11-16T16:22:34:     at process._tickCallback (internal/process/next_tick.js:68:7)
2021-11-16T16:22:34: TypeError: Cannot read property 'load' of undefined
2021-11-16T16:22:34:     at /home/spinalcom/bacnet-organs/spinal-organ-bacnet-C/src/utilities/Functions.ts:147:30
2021-11-16T16:22:34:     at Generator.next (<anonymous>)
2021-11-16T16:22:34:     at fulfilled (/home/spinalcom/bacnet-organs/spinal-organ-bacnet-C/dist/utilities/Functions.js:5:58)
2021-11-16T16:22:34:     at process._tickCallback (internal/process/next_tick.js:68:7)
2021-11-16T16:22:34: TypeError: Cannot read property 'load' of undefined
2021-11-16T16:22:34:     at /home/spinalcom/bacnet-organs/spinal-organ-bacnet-C/src/utilities/Functions.ts:147:30
2021-11-16T16:22:34:     at Generator.next (<anonymous>)
2021-11-16T16:22:34:     at fulfilled (/home/spinalcom/bacnet-organs/spinal-organ-bacnet-C/dist/utilities/Functions.js:5:58)
2021-11-16T16:22:34:     at process._tickCallback (internal/process/next_tick.js:68:7)
2021-11-18T16:13:57: TypeError: Cannot read property 'name' of undefined
2021-11-18T16:13:57:     at SpinalMonitoring.<anonymous> (/home/spinalcom/bacnet-organs/spinal-organ-bacnet-C/src/modules/SpinalMonitoring.ts:91:43)
2021-11-18T16:13:57:     at Generator.next (<anonymous>)
2021-11-18T16:13:57:     at /home/spinalcom/bacnet-organs/spinal-organ-bacnet-C/dist/modules/SpinalMonitoring.js:8:71
2021-11-18T16:13:57:     at new Promise (<anonymous>)
2021-11-18T16:13:57:     at __awaiter (/home/spinalcom/bacnet-organs/spinal-organ-bacnet-C/dist/modules/SpinalMonitoring.js:4:12)
2021-11-18T16:13:57:     at SpinalMonitoring._createMaps (/home/spinalcom/bacnet-organs/spinal-organ-bacnet-C/dist/modules/SpinalMonitoring.js:72:16)
2021-11-18T16:13:57:     at SpinalMonitoring.<anonymous> (/home/spinalcom/bacnet-organs/spinal-organ-bacnet-C/src/modules/SpinalMonitoring.ts:50:18)
2021-11-18T16:13:57:     at Generator.next (<anonymous>)
2021-11-18T16:13:57:     at fulfilled (/home/spinalcom/bacnet-organs/spinal-organ-bacnet-C/dist/modules/SpinalMonitoring.js:5:58)
2021-11-18T16:13:57:     at process._tickCallback (internal/process/next_tick.js:68:7)
2021-11-18T16:16:17: TypeError: Cannot read property 'name' of undefined
2021-11-18T16:16:17:     at SpinalMonitoring.<anonymous> (/home/spinalcom/bacnet-organs/spinal-organ-bacnet-C/src/modules/SpinalMonitoring.ts:91:43)
2021-11-18T16:16:17:     at Generator.next (<anonymous>)
2021-11-18T16:16:17:     at /home/spinalcom/bacnet-organs/spinal-organ-bacnet-C/dist/modules/SpinalMonitoring.js:8:71
2021-11-18T16:16:17:     at new Promise (<anonymous>)
2021-11-18T16:16:17:     at __awaiter (/home/spinalcom/bacnet-organs/spinal-organ-bacnet-C/dist/modules/SpinalMonitoring.js:4:12)
2021-11-18T16:16:17:     at SpinalMonitoring._createMaps (/home/spinalcom/bacnet-organs/spinal-organ-bacnet-C/dist/modules/SpinalMonitoring.js:72:16)
2021-11-18T16:16:17:     at SpinalMonitoring.<anonymous> (/home/spinalcom/bacnet-organs/spinal-organ-bacnet-C/src/modules/SpinalMonitoring.ts:50:18)
2021-11-18T16:16:17:     at Generator.next (<anonymous>)
2021-11-18T16:16:17:     at fulfilled (/home/spinalcom/bacnet-organs/spinal-organ-bacnet-C/dist/modules/SpinalMonitoring.js:5:58)
2021-11-18T16:16:17:     at process._tickCallback (internal/process/next_tick.js:68:7)
2021-11-18T16:22:30: TypeError: Cannot read property 'name' of undefined
2021-11-18T16:22:30:     at SpinalMonitoring.<anonymous> (/home/spinalcom/bacnet-organs/spinal-organ-bacnet-C/src/modules/SpinalMonitoring.ts:91:43)
2021-11-18T16:22:30:     at Generator.next (<anonymous>)
2021-11-18T16:22:30:     at /home/spinalcom/bacnet-organs/spinal-organ-bacnet-C/dist/modules/SpinalMonitoring.js:8:71
2021-11-18T16:22:30:     at new Promise (<anonymous>)
2021-11-18T16:22:30:     at __awaiter (/home/spinalcom/bacnet-organs/spinal-organ-bacnet-C/dist/modules/SpinalMonitoring.js:4:12)
2021-11-18T16:22:30:     at SpinalMonitoring._createMaps (/home/spinalcom/bacnet-organs/spinal-organ-bacnet-C/dist/modules/SpinalMonitoring.js:72:16)
2021-11-18T16:22:30:     at SpinalMonitoring.<anonymous> (/home/spinalcom/bacnet-organs/spinal-organ-bacnet-C/src/modules/SpinalMonitoring.ts:50:18)
2021-11-18T16:22:30:     at Generator.next (<anonymous>)
2021-11-18T16:22:30:     at fulfilled (/home/spinalcom/bacnet-organs/spinal-organ-bacnet-C/dist/modules/SpinalMonitoring.js:5:58)
2021-11-18T16:22:30:     at process._tickCallback (internal/process/next_tick.js:68:7)
